<?xml version="1.0" encoding="utf-8"?>
<shfbBuild product="Sandcastle Help File Builder" version="2014.5.31.0" projectFile="R:\WorkSpace\Jobs\Build-ExtremeMotion-CS_API_Documentation\trunk\Platform\Windows\Xtr3D.Net\API Documentation\API Documentation.shfbproj" started="2/17/2015 5:07:19 PM">
<buildStep step="Initializing">
Finding tools...
The Sandcastle tools are located in &#39;C:\Program Files (x86)\EWSoftware\Sandcastle Help File Builder\&#39;
Searching for HTML Help 1 compiler...
Found HTML Help 1 compiler in &#39;C:\Program Files (x86)\HTML Help Workshop\&#39;
Locating components in the following folder(s):
   R:\WorkSpace\Jobs\Build-ExtremeMotion-CS_API_Documentation\trunk\Platform\Windows\Xtr3D.Net\API Documentation
Using presentation style &#39;VS2010&#39; located in &#39;C:\Program Files (x86)\EWSoftware\Sandcastle Help File Builder\PresentationStyles\VS2010&#39;
</buildStep>
<buildStep step="ValidatingDocumentationSources">
Validating and copying documentation source information
Source: R:\WorkSpace\Jobs\Build-ExtremeMotion-CS_API_Documentation\trunk\Platform\Windows\Xtr3D.Net\bin\Release\Xtr3D.Net.ExtremeMotion.xml
Source: R:\WorkSpace\Jobs\Build-ExtremeMotion-CS_API_Documentation\trunk\Platform\Windows\Xtr3D.Net\bin\Release\Xtr3D.Net.ExtremeMotion.dll
    Found assembly &#39;R:\WorkSpace\Jobs\Build-ExtremeMotion-CS_API_Documentation\trunk\Platform\Windows\Xtr3D.Net\bin\Release\Xtr3D.Net.ExtremeMotion.dll&#39;
Source: R:\WorkSpace\Jobs\Build-ExtremeMotion-CS_API_Documentation\trunk\Platform\Windows\Xtr3D.Net\bin\Release\Xtr3D.Net.xml
Source: R:\WorkSpace\Jobs\Build-ExtremeMotion-CS_API_Documentation\trunk\Platform\Windows\Xtr3D.Net\bin\Release\Xtr3D.Net.dll
    Found assembly &#39;R:\WorkSpace\Jobs\Build-ExtremeMotion-CS_API_Documentation\trunk\Platform\Windows\Xtr3D.Net\bin\Release\Xtr3D.Net.dll&#39;

Copying XML comments files
    R:\WorkSpace\Jobs\Build-ExtremeMotion-CS_API_Documentation\trunk\Platform\Windows\Xtr3D.Net\bin\Release\Xtr3D.Net.ExtremeMotion.xml -&gt; R:\WorkSpace\Jobs\Build-ExtremeMotion-CS_API_Documentation\trunk\Platform\Windows\Xtr3D.Net\API Documentation\Help\Working\Xtr3D.Net.ExtremeMotion.xml
    R:\WorkSpace\Jobs\Build-ExtremeMotion-CS_API_Documentation\trunk\Platform\Windows\Xtr3D.Net\bin\Release\Xtr3D.Net.XML -&gt; R:\WorkSpace\Jobs\Build-ExtremeMotion-CS_API_Documentation\trunk\Platform\Windows\Xtr3D.Net\API Documentation\Help\Working\Xtr3D.Net.XML
</buildStep>
<buildStep step="GenerateSharedContent">
Generating shared content files (en-US, English (United States))...
    Last step completed in 00:00:00.0810
</buildStep>
<buildStep step="GenerateApiFilter">
Generating API filter for MRefBuilder...
    Last step completed in 00:00:00.0240
</buildStep>
<buildStep step="GenerateReflectionInfo">
Generating reflection information...
[C:\Windows\Microsoft.NET\Framework\v4.0.30319\MSBuild.exe]
Build started 2/17/2015 5:07:22 PM.
Project &quot;R:\WorkSpace\Jobs\Build-ExtremeMotion-CS_API_Documentation\trunk\Platform\Windows\Xtr3D.Net\API Documentation\Help\Working\GenerateRefInfo.proj&quot; on node 1 (default targets).
PrepareForBuild:
  Creating directory &quot;obj\Debug\&quot;.
GenerateRefInfo:
  MRefBuilder (v2014.5.31.0)
  Copyright c 2006-2014, Microsoft Corporation, All Rights Reserved.
  Portions Copyright c 2006-2014, Eric Woodruff, All Rights Reserved.
  Loaded 2 assemblies for reflection and 1 dependency assemblies.
  Wrote information on 10 namespaces, 68 types, and 253 members
  Copying file from &quot;reflection.org&quot; to &quot;reflection.all&quot;.
  XslTransform (v2014.5.31.0)
  Copyright c 2006-2014, Microsoft Corporation, All Rights Reserved.
  Portions Copyright c 2006-2014, Eric Woodruff, All Rights Reserved.
  Applying XSL transformation &#39;C:\Program Files (x86)\EWSoftware\Sandcastle Help File Builder\ProductionTransforms\MergeDuplicates.xsl&#39;.
Done Building Project &quot;R:\WorkSpace\Jobs\Build-ExtremeMotion-CS_API_Documentation\trunk\Platform\Windows\Xtr3D.Net\API Documentation\Help\Working\GenerateRefInfo.proj&quot; (default targets).

Build succeeded.

Time Elapsed 00:00:01.05
    Last step completed in 00:00:01.2020
</buildStep>
<buildStep step="TransformReflectionInfo">
Transforming reflection output...
[C:\Windows\Microsoft.NET\Framework\v4.0.30319\MSBuild.exe]
Build started 2/17/2015 5:07:23 PM.
Project &quot;R:\WorkSpace\Jobs\Build-ExtremeMotion-CS_API_Documentation\trunk\Platform\Windows\Xtr3D.Net\API Documentation\Help\Working\TransformManifest.proj&quot; on node 1 (default targets).
TransformManifest:
  XslTransform (v2014.5.31.0)
  Copyright c 2006-2014, Microsoft Corporation, All Rights Reserved.
  Portions Copyright c 2006-2014, Eric Woodruff, All Rights Reserved.
  Applying XSL transformation &#39;C:\Program Files (x86)\EWSoftware\Sandcastle Help File Builder\\ProductionTransforms\ApplyVSDocModel.xsl&#39;.
  Copying file from &quot;reflection.xml&quot; to &quot;reflection.nofilenames&quot;.
  XslTransform (v2014.5.31.0)
  Copyright c 2006-2014, Microsoft Corporation, All Rights Reserved.
  Portions Copyright c 2006-2014, Eric Woodruff, All Rights Reserved.
  Applying XSL transformation &#39;C:\Program Files (x86)\EWSoftware\Sandcastle Help File Builder\ProductionTransforms\AddFilenames.xsl&#39;.
  XslTransform (v2014.5.31.0)
  Copyright c 2006-2014, Microsoft Corporation, All Rights Reserved.
  Portions Copyright c 2006-2014, Eric Woodruff, All Rights Reserved.
  Applying XSL transformation &#39;C:\Program Files (x86)\EWSoftware\Sandcastle Help File Builder\ProductionTransforms\ReflectionToManifest.xsl&#39;.
Done Building Project &quot;R:\WorkSpace\Jobs\Build-ExtremeMotion-CS_API_Documentation\trunk\Platform\Windows\Xtr3D.Net\API Documentation\Help\Working\TransformManifest.proj&quot; (default targets).

Build succeeded.

Time Elapsed 00:00:00.84
    Last step completed in 00:00:00.9440
</buildStep>
<buildStep step="GenerateNamespaceSummaries">
Generating namespace summary information...
    Last step completed in 00:00:00.0670
</buildStep>
<buildStep step="CopyAdditionalContent">
Copying additional content files...
No additional content to copy
    Last step completed in 00:00:00.0030
</buildStep>
<buildStep step="MergeTablesOfContents">
Merging conceptual and additional tables of contents...
    Last step completed in 00:00:00.0000
</buildStep>
<buildStep step="GenerateIntermediateTableOfContents">
Generating intermediate table of contents file...
[C:\Windows\Microsoft.NET\Framework\v4.0.30319\MSBuild.exe]
Build started 2/17/2015 5:07:24 PM.
Project &quot;R:\WorkSpace\Jobs\Build-ExtremeMotion-CS_API_Documentation\trunk\Platform\Windows\Xtr3D.Net\API Documentation\Help\Working\GenerateIntermediateTOC.proj&quot; on node 1 (default targets).
GenerateIntermediateTOC:
  XslTransform (v2014.5.31.0)
  Copyright c 2006-2014, Microsoft Corporation, All Rights Reserved.
  Portions Copyright c 2006-2014, Eric Woodruff, All Rights Reserved.
  Applying XSL transformation &#39;C:\Program Files (x86)\EWSoftware\Sandcastle Help File Builder\\ProductionTransforms\CreateVSToc.xsl&#39;.
Done Building Project &quot;R:\WorkSpace\Jobs\Build-ExtremeMotion-CS_API_Documentation\trunk\Platform\Windows\Xtr3D.Net\API Documentation\Help\Working\GenerateIntermediateTOC.proj&quot; (default targets).

Build succeeded.

Time Elapsed 00:00:00.14
Generating conceptual content intermediate TOC file...
    Last step completed in 00:00:00.2370
</buildStep>
<buildStep step="CreateBuildAssemblerConfigs">
Creating Sandcastle configuration files...
    sandcastle.config
    Last step completed in 00:00:00.2210
</buildStep>
<buildStep step="MergeCustomConfigs">
Merging custom build component configurations
R:\WorkSpace\Jobs\Build-ExtremeMotion-CS_API_Documentation\trunk\Platform\Windows\Xtr3D.Net\API Documentation\Help\Working\sandcastle.config
    Last step completed in 00:00:00.0400
</buildStep>
<buildStep step="BuildReferenceTopics">
Building reference help topics...
[C:\Windows\Microsoft.NET\Framework\v4.0.30319\MSBuild.exe]
Build started 2/17/2015 5:07:24 PM.
Project &quot;R:\WorkSpace\Jobs\Build-ExtremeMotion-CS_API_Documentation\trunk\Platform\Windows\Xtr3D.Net\API Documentation\Help\Working\BuildReferenceTopics.proj&quot; on node 1 (default targets).
BuildReferenceTopics:
  BuildAssembler (v2014.5.31.0)
  Copyright c 2006-2014, Microsoft Corporation, All Rights Reserved.
  Portions Copyright c 2006-2014, Eric Woodruff, All Rights Reserved.
  Loading configuration...
  Processing topics...
BuildAssembler : warning : ResolveReferenceLinksComponent: [M:Xtr3D.Net.IStream`2.LockEntry(`0)] Unknown reference link target &#39;T:Xtr3D.Net.Patterns.DataPool`2.Entry&#39;. [R:\WorkSpace\Jobs\Build-ExtremeMotion-CS_API_Documentation\trunk\Platform\Windows\Xtr3D.Net\API Documentation\Help\Working\BuildReferenceTopics.proj]
BuildAssembler : warning : ResolveReferenceLinksComponent: [M:Xtr3D.Net.IStream`2.LockEntry(`0)] Unknown reference link target &#39;T:Xtr3D.Net.Patterns.DataPool`2.Entry&#39;. [R:\WorkSpace\Jobs\Build-ExtremeMotion-CS_API_Documentation\trunk\Platform\Windows\Xtr3D.Net\API Documentation\Help\Working\BuildReferenceTopics.proj]
BuildAssembler : warning : ResolveReferenceLinksComponent: [M:Xtr3D.Net.IStream`2.UnlockEntry(Xtr3D.Net.Patterns.DataPool{`0,`1}.Entry)] Unknown reference link target &#39;T:Xtr3D.Net.Patterns.DataPool`2.Entry&#39;. [R:\WorkSpace\Jobs\Build-ExtremeMotion-CS_API_Documentation\trunk\Platform\Windows\Xtr3D.Net\API Documentation\Help\Working\BuildReferenceTopics.proj]
BuildAssembler : warning : ResolveReferenceLinksComponent: [M:Xtr3D.Net.IStream`2.UnlockEntry(Xtr3D.Net.Patterns.DataPool{`0,`1}.Entry)] Unknown reference link target &#39;T:Xtr3D.Net.Patterns.DataPool`2.Entry&#39;. [R:\WorkSpace\Jobs\Build-ExtremeMotion-CS_API_Documentation\trunk\Platform\Windows\Xtr3D.Net\API Documentation\Help\Working\BuildReferenceTopics.proj]
BuildAssembler : warning : ResolveReferenceLinksComponent: [T:Xtr3D.Net.AllFrames.AllFramesStream] Unknown reference link target &#39;T:Xtr3D.Net.BaseTypes.InteropSyncBase&#39;. [R:\WorkSpace\Jobs\Build-ExtremeMotion-CS_API_Documentation\trunk\Platform\Windows\Xtr3D.Net\API Documentation\Help\Working\BuildReferenceTopics.proj]
BuildAssembler : warning : ResolveReferenceLinksComponent: [T:Xtr3D.Net.AllFrames.AllFramesStream] Unknown reference link target &#39;T:Xtr3D.Net.BaseTypes.StreamBase`2&#39;. [R:\WorkSpace\Jobs\Build-ExtremeMotion-CS_API_Documentation\trunk\Platform\Windows\Xtr3D.Net\API Documentation\Help\Working\BuildReferenceTopics.proj]
BuildAssembler : warning : ResolveReferenceLinksComponent: [T:Xtr3D.Net.AllFrames.AllFramesStream] Unknown reference link target &#39;M:Xtr3D.Net.BaseTypes.StreamBase`2.Disable&#39;. [R:\WorkSpace\Jobs\Build-ExtremeMotion-CS_API_Documentation\trunk\Platform\Windows\Xtr3D.Net\API Documentation\Help\Working\BuildReferenceTopics.proj]
BuildAssembler : warning : ResolveReferenceLinksComponent: [T:Xtr3D.Net.AllFrames.AllFramesStream] Unknown reference link target &#39;M:Xtr3D.Net.BaseTypes.StreamBase`2.Enable&#39;. [R:\WorkSpace\Jobs\Build-ExtremeMotion-CS_API_Documentation\trunk\Platform\Windows\Xtr3D.Net\API Documentation\Help\Working\BuildReferenceTopics.proj]
BuildAssembler : warning : ResolveReferenceLinksComponent: [T:Xtr3D.Net.AllFrames.AllFramesStream] Unknown reference link target &#39;P:Xtr3D.Net.BaseTypes.StreamBase`2.Handleables&#39;. [R:\WorkSpace\Jobs\Build-ExtremeMotion-CS_API_Documentation\trunk\Platform\Windows\Xtr3D.Net\API Documentation\Help\Working\BuildReferenceTopics.proj]
BuildAssembler : warning : ResolveReferenceLinksComponent: [T:Xtr3D.Net.AllFrames.AllFramesStream] Unknown reference link target &#39;T:Xtr3D.Net.BaseTypes.InteropSyncBase&#39;. [R:\WorkSpace\Jobs\Build-ExtremeMotion-CS_API_Documentation\trunk\Platform\Windows\Xtr3D.Net\API Documentation\Help\Working\BuildReferenceTopics.proj]
BuildAssembler : warning : ResolveReferenceLinksComponent: [T:Xtr3D.Net.AllFrames.AllFramesStream] Unknown reference link target &#39;T:Xtr3D.Net.BaseTypes.StreamBase`2&#39;. [R:\WorkSpace\Jobs\Build-ExtremeMotion-CS_API_Documentation\trunk\Platform\Windows\Xtr3D.Net\API Documentation\Help\Working\BuildReferenceTopics.proj]
BuildAssembler : warning : ResolveReferenceLinksComponent: [T:Xtr3D.Net.AllFrames.AllFramesStream] Unknown reference link target &#39;M:Xtr3D.Net.BaseTypes.StreamBase`2.Disable&#39;. [R:\WorkSpace\Jobs\Build-ExtremeMotion-CS_API_Documentation\trunk\Platform\Windows\Xtr3D.Net\API Documentation\Help\Working\BuildReferenceTopics.proj]
BuildAssembler : warning : ResolveReferenceLinksComponent: [T:Xtr3D.Net.AllFrames.AllFramesStream] Unknown reference link target &#39;M:Xtr3D.Net.BaseTypes.StreamBase`2.Enable&#39;. [R:\WorkSpace\Jobs\Build-ExtremeMotion-CS_API_Documentation\trunk\Platform\Windows\Xtr3D.Net\API Documentation\Help\Working\BuildReferenceTopics.proj]
BuildAssembler : warning : ResolveReferenceLinksComponent: [T:Xtr3D.Net.AllFrames.AllFramesStream] Unknown reference link target &#39;P:Xtr3D.Net.BaseTypes.StreamBase`2.Handleables&#39;. [R:\WorkSpace\Jobs\Build-ExtremeMotion-CS_API_Documentation\trunk\Platform\Windows\Xtr3D.Net\API Documentation\Help\Working\BuildReferenceTopics.proj]
BuildAssembler : warning : ResolveReferenceLinksComponent: [Methods.T:Xtr3D.Net.AllFrames.AllFramesStream] Unknown reference link target &#39;M:Xtr3D.Net.BaseTypes.StreamBase`2.Disable&#39;. [R:\WorkSpace\Jobs\Build-ExtremeMotion-CS_API_Documentation\trunk\Platform\Windows\Xtr3D.Net\API Documentation\Help\Working\BuildReferenceTopics.proj]
BuildAssembler : warning : ResolveReferenceLinksComponent: [Methods.T:Xtr3D.Net.AllFrames.AllFramesStream] Unknown reference link target &#39;M:Xtr3D.Net.BaseTypes.StreamBase`2.Enable&#39;. [R:\WorkSpace\Jobs\Build-ExtremeMotion-CS_API_Documentation\trunk\Platform\Windows\Xtr3D.Net\API Documentation\Help\Working\BuildReferenceTopics.proj]
BuildAssembler : warning : ResolveReferenceLinksComponent: [Methods.T:Xtr3D.Net.AllFrames.AllFramesStream] Unknown reference link target &#39;M:Xtr3D.Net.BaseTypes.StreamBase`2.Disable&#39;. [R:\WorkSpace\Jobs\Build-ExtremeMotion-CS_API_Documentation\trunk\Platform\Windows\Xtr3D.Net\API Documentation\Help\Working\BuildReferenceTopics.proj]
BuildAssembler : warning : ResolveReferenceLinksComponent: [Methods.T:Xtr3D.Net.AllFrames.AllFramesStream] Unknown reference link target &#39;M:Xtr3D.Net.BaseTypes.StreamBase`2.Enable&#39;. [R:\WorkSpace\Jobs\Build-ExtremeMotion-CS_API_Documentation\trunk\Platform\Windows\Xtr3D.Net\API Documentation\Help\Working\BuildReferenceTopics.proj]
BuildAssembler : warning : ResolveReferenceLinksComponent: [Properties.T:Xtr3D.Net.AllFrames.AllFramesStream] Unknown reference link target &#39;P:Xtr3D.Net.BaseTypes.StreamBase`2.Handleables&#39;. [R:\WorkSpace\Jobs\Build-ExtremeMotion-CS_API_Documentation\trunk\Platform\Windows\Xtr3D.Net\API Documentation\Help\Working\BuildReferenceTopics.proj]
BuildAssembler : warning : ResolveReferenceLinksComponent: [Properties.T:Xtr3D.Net.AllFrames.AllFramesStream] Unknown reference link target &#39;P:Xtr3D.Net.BaseTypes.StreamBase`2.Handleables&#39;. [R:\WorkSpace\Jobs\Build-ExtremeMotion-CS_API_Documentation\trunk\Platform\Windows\Xtr3D.Net\API Documentation\Help\Working\BuildReferenceTopics.proj]
BuildAssembler : warning : ResolveReferenceLinksComponent: [P:Xtr3D.Net.AllFrames.AllFramesStream.Handleables] Unknown reference link target &#39;T:Xtr3D.Net.Interop.Types.tagXTR3D_MD_GESTURE_e&#39;. [R:\WorkSpace\Jobs\Build-ExtremeMotion-CS_API_Documentation\trunk\Platform\Windows\Xtr3D.Net\API Documentation\Help\Working\BuildReferenceTopics.proj]
BuildAssembler : warning : ResolveReferenceLinksComponent: [P:Xtr3D.Net.AllFrames.AllFramesStream.Handleables] Unknown reference link target &#39;T:Xtr3D.Net.Interop.Types.tagXTR3D_MD_GESTURE_e&#39;. [R:\WorkSpace\Jobs\Build-ExtremeMotion-CS_API_Documentation\trunk\Platform\Windows\Xtr3D.Net\API Documentation\Help\Working\BuildReferenceTopics.proj]
BuildAssembler : warning : ResolveReferenceLinksComponent: [M:Xtr3D.Net.BaseTypes.FrameBase`2.#ctor(Xtr3D.Net.BaseTypes.StreamBase{`0,`1},`0,System.Int64,Xtr3D.Net.Patterns.DataPool{`0,`1}.Entry)] Unknown reference link target &#39;T:Xtr3D.Net.BaseTypes.StreamBase`2&#39;. [R:\WorkSpace\Jobs\Build-ExtremeMotion-CS_API_Documentation\trunk\Platform\Windows\Xtr3D.Net\API Documentation\Help\Working\BuildReferenceTopics.proj]
BuildAssembler : warning : ResolveReferenceLinksComponent: [M:Xtr3D.Net.BaseTypes.FrameBase`2.#ctor(Xtr3D.Net.BaseTypes.StreamBase{`0,`1},`0,System.Int64,Xtr3D.Net.Patterns.DataPool{`0,`1}.Entry)] Unknown reference link target &#39;T:Xtr3D.Net.Patterns.DataPool`2.Entry&#39;. [R:\WorkSpace\Jobs\Build-ExtremeMotion-CS_API_Documentation\trunk\Platform\Windows\Xtr3D.Net\API Documentation\Help\Working\BuildReferenceTopics.proj]
BuildAssembler : warning : ResolveReferenceLinksComponent: [M:Xtr3D.Net.BaseTypes.FrameBase`2.#ctor(Xtr3D.Net.BaseTypes.StreamBase{`0,`1},`0,System.Int64,Xtr3D.Net.Patterns.DataPool{`0,`1}.Entry)] Unknown reference link target &#39;T:Xtr3D.Net.BaseTypes.StreamBase`2&#39;. [R:\WorkSpace\Jobs\Build-ExtremeMotion-CS_API_Documentation\trunk\Platform\Windows\Xtr3D.Net\API Documentation\Help\Working\BuildReferenceTopics.proj]
BuildAssembler : warning : ResolveReferenceLinksComponent: [M:Xtr3D.Net.BaseTypes.FrameBase`2.#ctor(Xtr3D.Net.BaseTypes.StreamBase{`0,`1},`0,System.Int64,Xtr3D.Net.Patterns.DataPool{`0,`1}.Entry)] Unknown reference link target &#39;T:Xtr3D.Net.Patterns.DataPool`2.Entry&#39;. [R:\WorkSpace\Jobs\Build-ExtremeMotion-CS_API_Documentation\trunk\Platform\Windows\Xtr3D.Net\API Documentation\Help\Working\BuildReferenceTopics.proj]
BuildAssembler : warning : ResolveReferenceLinksComponent: [P:Xtr3D.Net.BaseTypes.FrameBase`2.DataEntry] Unknown reference link target &#39;T:Xtr3D.Net.Patterns.DataPool`2.Entry&#39;. [R:\WorkSpace\Jobs\Build-ExtremeMotion-CS_API_Documentation\trunk\Platform\Windows\Xtr3D.Net\API Documentation\Help\Working\BuildReferenceTopics.proj]
BuildAssembler : warning : ResolveReferenceLinksComponent: [P:Xtr3D.Net.BaseTypes.FrameBase`2.DataEntry] Unknown reference link target &#39;T:Xtr3D.Net.Patterns.DataPool`2.Entry&#39;. [R:\WorkSpace\Jobs\Build-ExtremeMotion-CS_API_Documentation\trunk\Platform\Windows\Xtr3D.Net\API Documentation\Help\Working\BuildReferenceTopics.proj]
BuildAssembler : warning : ResolveReferenceLinksComponent: [T:Xtr3D.Net.BaseTypes.GeneratorBase] Unknown reference link target &#39;T:Xtr3D.Net.BaseTypes.InteropSyncBase&#39;. [R:\WorkSpace\Jobs\Build-ExtremeMotion-CS_API_Documentation\trunk\Platform\Windows\Xtr3D.Net\API Documentation\Help\Working\BuildReferenceTopics.proj]
BuildAssembler : warning : ResolveReferenceLinksComponent: [T:Xtr3D.Net.BaseTypes.GeneratorBase] Unknown reference link target &#39;T:Xtr3D.Net.BaseTypes.InteropSyncBase&#39;. [R:\WorkSpace\Jobs\Build-ExtremeMotion-CS_API_Documentation\trunk\Platform\Windows\Xtr3D.Net\API Documentation\Help\Working\BuildReferenceTopics.proj]
BuildAssembler : warning : ResolveReferenceLinksComponent: [M:Xtr3D.Net.BaseTypes.GeneratorBase.#ctor(Xtr3D.Net.Interop.Types.XTR3D_RANGE_e)] Unknown reference link target &#39;T:Xtr3D.Net.Interop.Types.XTR3D_RANGE_e&#39;. [R:\WorkSpace\Jobs\Build-ExtremeMotion-CS_API_Documentation\trunk\Platform\Windows\Xtr3D.Net\API Documentation\Help\Working\BuildReferenceTopics.proj]
BuildAssembler : warning : ResolveReferenceLinksComponent: [M:Xtr3D.Net.BaseTypes.GeneratorBase.#ctor(Xtr3D.Net.Interop.Types.XTR3D_RANGE_e)] Unknown reference link target &#39;T:Xtr3D.Net.Interop.Types.XTR3D_RANGE_e&#39;. [R:\WorkSpace\Jobs\Build-ExtremeMotion-CS_API_Documentation\trunk\Platform\Windows\Xtr3D.Net\API Documentation\Help\Working\BuildReferenceTopics.proj]
BuildAssembler : warning : ResolveReferenceLinksComponent: [F:Xtr3D.Net.BaseTypes.GeneratorBase._range] Unknown reference link target &#39;T:Xtr3D.Net.Interop.Types.XTR3D_RANGE_e&#39;. [R:\WorkSpace\Jobs\Build-ExtremeMotion-CS_API_Documentation\trunk\Platform\Windows\Xtr3D.Net\API Documentation\Help\Working\BuildReferenceTopics.proj]
BuildAssembler : warning : ResolveReferenceLinksComponent: [F:Xtr3D.Net.BaseTypes.GeneratorBase._range] Unknown reference link target &#39;T:Xtr3D.Net.Interop.Types.XTR3D_RANGE_e&#39;. [R:\WorkSpace\Jobs\Build-ExtremeMotion-CS_API_Documentation\trunk\Platform\Windows\Xtr3D.Net\API Documentation\Help\Working\BuildReferenceTopics.proj]
BuildAssembler : warning : ResolveReferenceLinksComponent: [M:Xtr3D.Net.BaseTypes.ImageFrameBase`2.#ctor(Xtr3D.Net.ImageInfo,Xtr3D.Net.BaseTypes.StreamBase{`0,`1},`0,System.Int64,Xtr3D.Net.Patterns.DataPool{`0,`1}.Entry,Xtr3D.Net.ImageWarnings)] Unknown reference link target &#39;T:Xtr3D.Net.BaseTypes.StreamBase`2&#39;. [R:\WorkSpace\Jobs\Build-ExtremeMotion-CS_API_Documentation\trunk\Platform\Windows\Xtr3D.Net\API Documentation\Help\Working\BuildReferenceTopics.proj]
BuildAssembler : warning : ResolveReferenceLinksComponent: [M:Xtr3D.Net.BaseTypes.ImageFrameBase`2.#ctor(Xtr3D.Net.ImageInfo,Xtr3D.Net.BaseTypes.StreamBase{`0,`1},`0,System.Int64,Xtr3D.Net.Patterns.DataPool{`0,`1}.Entry,Xtr3D.Net.ImageWarnings)] Unknown reference link target &#39;T:Xtr3D.Net.Patterns.DataPool`2.Entry&#39;. [R:\WorkSpace\Jobs\Build-ExtremeMotion-CS_API_Documentation\trunk\Platform\Windows\Xtr3D.Net\API Documentation\Help\Working\BuildReferenceTopics.proj]
BuildAssembler : warning : ResolveReferenceLinksComponent: [M:Xtr3D.Net.BaseTypes.ImageFrameBase`2.#ctor(Xtr3D.Net.ImageInfo,Xtr3D.Net.BaseTypes.StreamBase{`0,`1},`0,System.Int64,Xtr3D.Net.Patterns.DataPool{`0,`1}.Entry,Xtr3D.Net.ImageWarnings)] Unknown reference link target &#39;T:Xtr3D.Net.BaseTypes.StreamBase`2&#39;. [R:\WorkSpace\Jobs\Build-ExtremeMotion-CS_API_Documentation\trunk\Platform\Windows\Xtr3D.Net\API Documentation\Help\Working\BuildReferenceTopics.proj]
BuildAssembler : warning : ResolveReferenceLinksComponent: [M:Xtr3D.Net.BaseTypes.ImageFrameBase`2.#ctor(Xtr3D.Net.ImageInfo,Xtr3D.Net.BaseTypes.StreamBase{`0,`1},`0,System.Int64,Xtr3D.Net.Patterns.DataPool{`0,`1}.Entry,Xtr3D.Net.ImageWarnings)] Unknown reference link target &#39;T:Xtr3D.Net.Patterns.DataPool`2.Entry&#39;. [R:\WorkSpace\Jobs\Build-ExtremeMotion-CS_API_Documentation\trunk\Platform\Windows\Xtr3D.Net\API Documentation\Help\Working\BuildReferenceTopics.proj]
BuildAssembler : warning : ResolveReferenceLinksComponent: [T:Xtr3D.Net.BaseTypes.ImageStreamBase`2] Unknown reference link target &#39;T:Xtr3D.Net.BaseTypes.InteropSyncBase&#39;. [R:\WorkSpace\Jobs\Build-ExtremeMotion-CS_API_Documentation\trunk\Platform\Windows\Xtr3D.Net\API Documentation\Help\Working\BuildReferenceTopics.proj]
BuildAssembler : warning : ResolveReferenceLinksComponent: [T:Xtr3D.Net.BaseTypes.ImageStreamBase`2] Unknown reference link target &#39;T:Xtr3D.Net.BaseTypes.StreamBase`2&#39;. [R:\WorkSpace\Jobs\Build-ExtremeMotion-CS_API_Documentation\trunk\Platform\Windows\Xtr3D.Net\API Documentation\Help\Working\BuildReferenceTopics.proj]
BuildAssembler : warning : ResolveReferenceLinksComponent: [T:Xtr3D.Net.BaseTypes.ImageStreamBase`2] Unknown reference link target &#39;T:Xtr3D.Net.BaseTypes.InteropSyncBase&#39;. [R:\WorkSpace\Jobs\Build-ExtremeMotion-CS_API_Documentation\trunk\Platform\Windows\Xtr3D.Net\API Documentation\Help\Working\BuildReferenceTopics.proj]
BuildAssembler : warning : ResolveReferenceLinksComponent: [T:Xtr3D.Net.BaseTypes.ImageStreamBase`2] Unknown reference link target &#39;T:Xtr3D.Net.BaseTypes.StreamBase`2&#39;. [R:\WorkSpace\Jobs\Build-ExtremeMotion-CS_API_Documentation\trunk\Platform\Windows\Xtr3D.Net\API Documentation\Help\Working\BuildReferenceTopics.proj]
BuildAssembler : warning : ResolveReferenceLinksComponent: [T:Xtr3D.Net.ColorImage.ColorImageStream] Unknown reference link target &#39;T:Xtr3D.Net.BaseTypes.InteropSyncBase&#39;. [R:\WorkSpace\Jobs\Build-ExtremeMotion-CS_API_Documentation\trunk\Platform\Windows\Xtr3D.Net\API Documentation\Help\Working\BuildReferenceTopics.proj]
BuildAssembler : warning : ResolveReferenceLinksComponent: [T:Xtr3D.Net.ColorImage.ColorImageStream] Unknown reference link target &#39;T:Xtr3D.Net.BaseTypes.StreamBase`2&#39;. [R:\WorkSpace\Jobs\Build-ExtremeMotion-CS_API_Documentation\trunk\Platform\Windows\Xtr3D.Net\API Documentation\Help\Working\BuildReferenceTopics.proj]
BuildAssembler : warning : ResolveReferenceLinksComponent: [T:Xtr3D.Net.ColorImage.ColorImageStream] Unknown reference link target &#39;M:Xtr3D.Net.BaseTypes.StreamBase`2.Disable&#39;. [R:\WorkSpace\Jobs\Build-ExtremeMotion-CS_API_Documentation\trunk\Platform\Windows\Xtr3D.Net\API Documentation\Help\Working\BuildReferenceTopics.proj]
BuildAssembler : warning : ResolveReferenceLinksComponent: [T:Xtr3D.Net.ColorImage.ColorImageStream] Unknown reference link target &#39;M:Xtr3D.Net.BaseTypes.StreamBase`2.Enable&#39;. [R:\WorkSpace\Jobs\Build-ExtremeMotion-CS_API_Documentation\trunk\Platform\Windows\Xtr3D.Net\API Documentation\Help\Working\BuildReferenceTopics.proj]
BuildAssembler : warning : ResolveReferenceLinksComponent: [T:Xtr3D.Net.ColorImage.ColorImageStream] Unknown reference link target &#39;P:Xtr3D.Net.BaseTypes.StreamBase`2.Handleables&#39;. [R:\WorkSpace\Jobs\Build-ExtremeMotion-CS_API_Documentation\trunk\Platform\Windows\Xtr3D.Net\API Documentation\Help\Working\BuildReferenceTopics.proj]
BuildAssembler : warning : ResolveReferenceLinksComponent: [T:Xtr3D.Net.ColorImage.ColorImageStream] Unknown reference link target &#39;T:Xtr3D.Net.BaseTypes.InteropSyncBase&#39;. [R:\WorkSpace\Jobs\Build-ExtremeMotion-CS_API_Documentation\trunk\Platform\Windows\Xtr3D.Net\API Documentation\Help\Working\BuildReferenceTopics.proj]
BuildAssembler : warning : ResolveReferenceLinksComponent: [T:Xtr3D.Net.ColorImage.ColorImageStream] Unknown reference link target &#39;T:Xtr3D.Net.BaseTypes.StreamBase`2&#39;. [R:\WorkSpace\Jobs\Build-ExtremeMotion-CS_API_Documentation\trunk\Platform\Windows\Xtr3D.Net\API Documentation\Help\Working\BuildReferenceTopics.proj]
BuildAssembler : warning : ResolveReferenceLinksComponent: [T:Xtr3D.Net.ColorImage.ColorImageStream] Unknown reference link target &#39;M:Xtr3D.Net.BaseTypes.StreamBase`2.Disable&#39;. [R:\WorkSpace\Jobs\Build-ExtremeMotion-CS_API_Documentation\trunk\Platform\Windows\Xtr3D.Net\API Documentation\Help\Working\BuildReferenceTopics.proj]
BuildAssembler : warning : ResolveReferenceLinksComponent: [T:Xtr3D.Net.ColorImage.ColorImageStream] Unknown reference link target &#39;M:Xtr3D.Net.BaseTypes.StreamBase`2.Enable&#39;. [R:\WorkSpace\Jobs\Build-ExtremeMotion-CS_API_Documentation\trunk\Platform\Windows\Xtr3D.Net\API Documentation\Help\Working\BuildReferenceTopics.proj]
BuildAssembler : warning : ResolveReferenceLinksComponent: [T:Xtr3D.Net.ColorImage.ColorImageStream] Unknown reference link target &#39;P:Xtr3D.Net.BaseTypes.StreamBase`2.Handleables&#39;. [R:\WorkSpace\Jobs\Build-ExtremeMotion-CS_API_Documentation\trunk\Platform\Windows\Xtr3D.Net\API Documentation\Help\Working\BuildReferenceTopics.proj]
BuildAssembler : warning : ResolveReferenceLinksComponent: [Methods.T:Xtr3D.Net.ColorImage.ColorImageStream] Unknown reference link target &#39;M:Xtr3D.Net.BaseTypes.StreamBase`2.Disable&#39;. [R:\WorkSpace\Jobs\Build-ExtremeMotion-CS_API_Documentation\trunk\Platform\Windows\Xtr3D.Net\API Documentation\Help\Working\BuildReferenceTopics.proj]
BuildAssembler : warning : ResolveReferenceLinksComponent: [Methods.T:Xtr3D.Net.ColorImage.ColorImageStream] Unknown reference link target &#39;M:Xtr3D.Net.BaseTypes.StreamBase`2.Enable&#39;. [R:\WorkSpace\Jobs\Build-ExtremeMotion-CS_API_Documentation\trunk\Platform\Windows\Xtr3D.Net\API Documentation\Help\Working\BuildReferenceTopics.proj]
BuildAssembler : warning : ResolveReferenceLinksComponent: [Methods.T:Xtr3D.Net.ColorImage.ColorImageStream] Unknown reference link target &#39;M:Xtr3D.Net.BaseTypes.StreamBase`2.Disable&#39;. [R:\WorkSpace\Jobs\Build-ExtremeMotion-CS_API_Documentation\trunk\Platform\Windows\Xtr3D.Net\API Documentation\Help\Working\BuildReferenceTopics.proj]
BuildAssembler : warning : ResolveReferenceLinksComponent: [Methods.T:Xtr3D.Net.ColorImage.ColorImageStream] Unknown reference link target &#39;M:Xtr3D.Net.BaseTypes.StreamBase`2.Enable&#39;. [R:\WorkSpace\Jobs\Build-ExtremeMotion-CS_API_Documentation\trunk\Platform\Windows\Xtr3D.Net\API Documentation\Help\Working\BuildReferenceTopics.proj]
BuildAssembler : warning : ResolveReferenceLinksComponent: [Properties.T:Xtr3D.Net.ColorImage.ColorImageStream] Unknown reference link target &#39;P:Xtr3D.Net.BaseTypes.StreamBase`2.Handleables&#39;. [R:\WorkSpace\Jobs\Build-ExtremeMotion-CS_API_Documentation\trunk\Platform\Windows\Xtr3D.Net\API Documentation\Help\Working\BuildReferenceTopics.proj]
BuildAssembler : warning : ResolveReferenceLinksComponent: [Properties.T:Xtr3D.Net.ColorImage.ColorImageStream] Unknown reference link target &#39;P:Xtr3D.Net.BaseTypes.StreamBase`2.Handleables&#39;. [R:\WorkSpace\Jobs\Build-ExtremeMotion-CS_API_Documentation\trunk\Platform\Windows\Xtr3D.Net\API Documentation\Help\Working\BuildReferenceTopics.proj]
BuildAssembler : warning : ResolveReferenceLinksComponent: [P:Xtr3D.Net.ColorImage.ColorImageStream.Handleables] Unknown reference link target &#39;T:Xtr3D.Net.Interop.Types.tagXTR3D_MD_GESTURE_e&#39;. [R:\WorkSpace\Jobs\Build-ExtremeMotion-CS_API_Documentation\trunk\Platform\Windows\Xtr3D.Net\API Documentation\Help\Working\BuildReferenceTopics.proj]
BuildAssembler : warning : ResolveReferenceLinksComponent: [P:Xtr3D.Net.ColorImage.ColorImageStream.Handleables] Unknown reference link target &#39;T:Xtr3D.Net.Interop.Types.tagXTR3D_MD_GESTURE_e&#39;. [R:\WorkSpace\Jobs\Build-ExtremeMotion-CS_API_Documentation\trunk\Platform\Windows\Xtr3D.Net\API Documentation\Help\Working\BuildReferenceTopics.proj]
BuildAssembler : warning : ResolveReferenceLinksComponent: [T:Xtr3D.Net.ExtremeMotion.Generator] Unknown reference link target &#39;T:Xtr3D.Net.BaseTypes.InteropSyncBase&#39;. [R:\WorkSpace\Jobs\Build-ExtremeMotion-CS_API_Documentation\trunk\Platform\Windows\Xtr3D.Net\API Documentation\Help\Working\BuildReferenceTopics.proj]
BuildAssembler : warning : ResolveReferenceLinksComponent: [T:Xtr3D.Net.ExtremeMotion.Generator] Unknown reference link target &#39;T:Xtr3D.Net.BaseTypes.InteropSyncBase&#39;. [R:\WorkSpace\Jobs\Build-ExtremeMotion-CS_API_Documentation\trunk\Platform\Windows\Xtr3D.Net\API Documentation\Help\Working\BuildReferenceTopics.proj]
BuildAssembler : warning : ResolveReferenceLinksComponent: [T:Xtr3D.Net.ExtremeMotion.Data.DataStream] Unknown reference link target &#39;T:Xtr3D.Net.BaseTypes.InteropSyncBase&#39;. [R:\WorkSpace\Jobs\Build-ExtremeMotion-CS_API_Documentation\trunk\Platform\Windows\Xtr3D.Net\API Documentation\Help\Working\BuildReferenceTopics.proj]
BuildAssembler : warning : ResolveReferenceLinksComponent: [T:Xtr3D.Net.ExtremeMotion.Data.DataStream] Unknown reference link target &#39;T:Xtr3D.Net.BaseTypes.StreamBase`2&#39;. [R:\WorkSpace\Jobs\Build-ExtremeMotion-CS_API_Documentation\trunk\Platform\Windows\Xtr3D.Net\API Documentation\Help\Working\BuildReferenceTopics.proj]
BuildAssembler : warning : ResolveReferenceLinksComponent: [T:Xtr3D.Net.ExtremeMotion.Data.DataStream] Unknown reference link target &#39;M:Xtr3D.Net.BaseTypes.StreamBase`2.Disable&#39;. [R:\WorkSpace\Jobs\Build-ExtremeMotion-CS_API_Documentation\trunk\Platform\Windows\Xtr3D.Net\API Documentation\Help\Working\BuildReferenceTopics.proj]
BuildAssembler : warning : ResolveReferenceLinksComponent: [T:Xtr3D.Net.ExtremeMotion.Data.DataStream] Unknown reference link target &#39;M:Xtr3D.Net.BaseTypes.StreamBase`2.Enable&#39;. [R:\WorkSpace\Jobs\Build-ExtremeMotion-CS_API_Documentation\trunk\Platform\Windows\Xtr3D.Net\API Documentation\Help\Working\BuildReferenceTopics.proj]
BuildAssembler : warning : ResolveReferenceLinksComponent: [T:Xtr3D.Net.ExtremeMotion.Data.DataStream] Unknown reference link target &#39;P:Xtr3D.Net.BaseTypes.StreamBase`2.Handleables&#39;. [R:\WorkSpace\Jobs\Build-ExtremeMotion-CS_API_Documentation\trunk\Platform\Windows\Xtr3D.Net\API Documentation\Help\Working\BuildReferenceTopics.proj]
BuildAssembler : warning : ResolveReferenceLinksComponent: [T:Xtr3D.Net.ExtremeMotion.Data.DataStream] Unknown reference link target &#39;T:Xtr3D.Net.BaseTypes.InteropSyncBase&#39;. [R:\WorkSpace\Jobs\Build-ExtremeMotion-CS_API_Documentation\trunk\Platform\Windows\Xtr3D.Net\API Documentation\Help\Working\BuildReferenceTopics.proj]
BuildAssembler : warning : ResolveReferenceLinksComponent: [T:Xtr3D.Net.ExtremeMotion.Data.DataStream] Unknown reference link target &#39;T:Xtr3D.Net.BaseTypes.StreamBase`2&#39;. [R:\WorkSpace\Jobs\Build-ExtremeMotion-CS_API_Documentation\trunk\Platform\Windows\Xtr3D.Net\API Documentation\Help\Working\BuildReferenceTopics.proj]
BuildAssembler : warning : ResolveReferenceLinksComponent: [T:Xtr3D.Net.ExtremeMotion.Data.DataStream] Unknown reference link target &#39;M:Xtr3D.Net.BaseTypes.StreamBase`2.Disable&#39;. [R:\WorkSpace\Jobs\Build-ExtremeMotion-CS_API_Documentation\trunk\Platform\Windows\Xtr3D.Net\API Documentation\Help\Working\BuildReferenceTopics.proj]
BuildAssembler : warning : ResolveReferenceLinksComponent: [T:Xtr3D.Net.ExtremeMotion.Data.DataStream] Unknown reference link target &#39;M:Xtr3D.Net.BaseTypes.StreamBase`2.Enable&#39;. [R:\WorkSpace\Jobs\Build-ExtremeMotion-CS_API_Documentation\trunk\Platform\Windows\Xtr3D.Net\API Documentation\Help\Working\BuildReferenceTopics.proj]
BuildAssembler : warning : ResolveReferenceLinksComponent: [T:Xtr3D.Net.ExtremeMotion.Data.DataStream] Unknown reference link target &#39;P:Xtr3D.Net.BaseTypes.StreamBase`2.Handleables&#39;. [R:\WorkSpace\Jobs\Build-ExtremeMotion-CS_API_Documentation\trunk\Platform\Windows\Xtr3D.Net\API Documentation\Help\Working\BuildReferenceTopics.proj]
BuildAssembler : warning : ResolveReferenceLinksComponent: [Methods.T:Xtr3D.Net.ExtremeMotion.Data.DataStream] Unknown reference link target &#39;M:Xtr3D.Net.BaseTypes.StreamBase`2.Disable&#39;. [R:\WorkSpace\Jobs\Build-ExtremeMotion-CS_API_Documentation\trunk\Platform\Windows\Xtr3D.Net\API Documentation\Help\Working\BuildReferenceTopics.proj]
BuildAssembler : warning : ResolveReferenceLinksComponent: [Methods.T:Xtr3D.Net.ExtremeMotion.Data.DataStream] Unknown reference link target &#39;M:Xtr3D.Net.BaseTypes.StreamBase`2.Enable&#39;. [R:\WorkSpace\Jobs\Build-ExtremeMotion-CS_API_Documentation\trunk\Platform\Windows\Xtr3D.Net\API Documentation\Help\Working\BuildReferenceTopics.proj]
BuildAssembler : warning : ResolveReferenceLinksComponent: [Methods.T:Xtr3D.Net.ExtremeMotion.Data.DataStream] Unknown reference link target &#39;M:Xtr3D.Net.BaseTypes.StreamBase`2.Disable&#39;. [R:\WorkSpace\Jobs\Build-ExtremeMotion-CS_API_Documentation\trunk\Platform\Windows\Xtr3D.Net\API Documentation\Help\Working\BuildReferenceTopics.proj]
BuildAssembler : warning : ResolveReferenceLinksComponent: [Methods.T:Xtr3D.Net.ExtremeMotion.Data.DataStream] Unknown reference link target &#39;M:Xtr3D.Net.BaseTypes.StreamBase`2.Enable&#39;. [R:\WorkSpace\Jobs\Build-ExtremeMotion-CS_API_Documentation\trunk\Platform\Windows\Xtr3D.Net\API Documentation\Help\Working\BuildReferenceTopics.proj]
BuildAssembler : warning : ResolveReferenceLinksComponent: [Properties.T:Xtr3D.Net.ExtremeMotion.Data.DataStream] Unknown reference link target &#39;P:Xtr3D.Net.BaseTypes.StreamBase`2.Handleables&#39;. [R:\WorkSpace\Jobs\Build-ExtremeMotion-CS_API_Documentation\trunk\Platform\Windows\Xtr3D.Net\API Documentation\Help\Working\BuildReferenceTopics.proj]
BuildAssembler : warning : ResolveReferenceLinksComponent: [Properties.T:Xtr3D.Net.ExtremeMotion.Data.DataStream] Unknown reference link target &#39;P:Xtr3D.Net.BaseTypes.StreamBase`2.Handleables&#39;. [R:\WorkSpace\Jobs\Build-ExtremeMotion-CS_API_Documentation\trunk\Platform\Windows\Xtr3D.Net\API Documentation\Help\Working\BuildReferenceTopics.proj]
BuildAssembler : warning : ResolveReferenceLinksComponent: [Overload:Xtr3D.Net.ExtremeMotion.Data.DataStream.Enable] Unknown reference link target &#39;M:Xtr3D.Net.BaseTypes.StreamBase`2.Enable&#39;. [R:\WorkSpace\Jobs\Build-ExtremeMotion-CS_API_Documentation\trunk\Platform\Windows\Xtr3D.Net\API Documentation\Help\Working\BuildReferenceTopics.proj]
BuildAssembler : warning : ResolveReferenceLinksComponent: [Overload:Xtr3D.Net.ExtremeMotion.Data.DataStream.Enable] Unknown reference link target &#39;M:Xtr3D.Net.BaseTypes.StreamBase`2.Enable&#39;. [R:\WorkSpace\Jobs\Build-ExtremeMotion-CS_API_Documentation\trunk\Platform\Windows\Xtr3D.Net\API Documentation\Help\Working\BuildReferenceTopics.proj]
BuildAssembler : warning : ResolveReferenceLinksComponent: [F:Xtr3D.Net.ExtremeMotion.Data.DataStream._gestureArray] Unknown reference link target &#39;T:Xtr3D.Net.Interop.Types.tagXTR3D_MD_GESTURE_e&#39;. [R:\WorkSpace\Jobs\Build-ExtremeMotion-CS_API_Documentation\trunk\Platform\Windows\Xtr3D.Net\API Documentation\Help\Working\BuildReferenceTopics.proj]
BuildAssembler : warning : ResolveReferenceLinksComponent: [F:Xtr3D.Net.ExtremeMotion.Data.DataStream._gestureArray] Unknown reference link target &#39;T:Xtr3D.Net.Interop.Types.tagXTR3D_MD_GESTURE_e&#39;. [R:\WorkSpace\Jobs\Build-ExtremeMotion-CS_API_Documentation\trunk\Platform\Windows\Xtr3D.Net\API Documentation\Help\Working\BuildReferenceTopics.proj]
BuildAssembler : warning : ResolveReferenceLinksComponent: [P:Xtr3D.Net.ExtremeMotion.Data.DataStream.Handleables] Unknown reference link target &#39;T:Xtr3D.Net.Interop.Types.tagXTR3D_MD_GESTURE_e&#39;. [R:\WorkSpace\Jobs\Build-ExtremeMotion-CS_API_Documentation\trunk\Platform\Windows\Xtr3D.Net\API Documentation\Help\Working\BuildReferenceTopics.proj]
BuildAssembler : warning : ResolveReferenceLinksComponent: [P:Xtr3D.Net.ExtremeMotion.Data.DataStream.Handleables] Unknown reference link target &#39;T:Xtr3D.Net.Interop.Types.tagXTR3D_MD_GESTURE_e&#39;. [R:\WorkSpace\Jobs\Build-ExtremeMotion-CS_API_Documentation\trunk\Platform\Windows\Xtr3D.Net\API Documentation\Help\Working\BuildReferenceTopics.proj]
BuildAssembler : warning : ResolveReferenceLinksComponent: [T:Xtr3D.Net.ExtremeMotion.Gesture.GesturesStream] Unknown reference link target &#39;T:Xtr3D.Net.BaseTypes.InteropSyncBase&#39;. [R:\WorkSpace\Jobs\Build-ExtremeMotion-CS_API_Documentation\trunk\Platform\Windows\Xtr3D.Net\API Documentation\Help\Working\BuildReferenceTopics.proj]
BuildAssembler : warning : ResolveReferenceLinksComponent: [T:Xtr3D.Net.ExtremeMotion.Gesture.GesturesStream] Unknown reference link target &#39;T:Xtr3D.Net.BaseTypes.StreamBase`2&#39;. [R:\WorkSpace\Jobs\Build-ExtremeMotion-CS_API_Documentation\trunk\Platform\Windows\Xtr3D.Net\API Documentation\Help\Working\BuildReferenceTopics.proj]
BuildAssembler : warning : ResolveReferenceLinksComponent: [T:Xtr3D.Net.ExtremeMotion.Gesture.GesturesStream] Unknown reference link target &#39;M:Xtr3D.Net.BaseTypes.StreamBase`2.Disable&#39;. [R:\WorkSpace\Jobs\Build-ExtremeMotion-CS_API_Documentation\trunk\Platform\Windows\Xtr3D.Net\API Documentation\Help\Working\BuildReferenceTopics.proj]
BuildAssembler : warning : ResolveReferenceLinksComponent: [T:Xtr3D.Net.ExtremeMotion.Gesture.GesturesStream] Unknown reference link target &#39;M:Xtr3D.Net.BaseTypes.StreamBase`2.Enable&#39;. [R:\WorkSpace\Jobs\Build-ExtremeMotion-CS_API_Documentation\trunk\Platform\Windows\Xtr3D.Net\API Documentation\Help\Working\BuildReferenceTopics.proj]
BuildAssembler : warning : ResolveReferenceLinksComponent: [T:Xtr3D.Net.ExtremeMotion.Gesture.GesturesStream] Unknown reference link target &#39;P:Xtr3D.Net.BaseTypes.StreamBase`2.Handleables&#39;. [R:\WorkSpace\Jobs\Build-ExtremeMotion-CS_API_Documentation\trunk\Platform\Windows\Xtr3D.Net\API Documentation\Help\Working\BuildReferenceTopics.proj]
BuildAssembler : warning : ResolveReferenceLinksComponent: [T:Xtr3D.Net.ExtremeMotion.Gesture.GesturesStream] Unknown reference link target &#39;T:Xtr3D.Net.BaseTypes.InteropSyncBase&#39;. [R:\WorkSpace\Jobs\Build-ExtremeMotion-CS_API_Documentation\trunk\Platform\Windows\Xtr3D.Net\API Documentation\Help\Working\BuildReferenceTopics.proj]
BuildAssembler : warning : ResolveReferenceLinksComponent: [T:Xtr3D.Net.ExtremeMotion.Gesture.GesturesStream] Unknown reference link target &#39;T:Xtr3D.Net.BaseTypes.StreamBase`2&#39;. [R:\WorkSpace\Jobs\Build-ExtremeMotion-CS_API_Documentation\trunk\Platform\Windows\Xtr3D.Net\API Documentation\Help\Working\BuildReferenceTopics.proj]
BuildAssembler : warning : ResolveReferenceLinksComponent: [T:Xtr3D.Net.ExtremeMotion.Gesture.GesturesStream] Unknown reference link target &#39;M:Xtr3D.Net.BaseTypes.StreamBase`2.Disable&#39;. [R:\WorkSpace\Jobs\Build-ExtremeMotion-CS_API_Documentation\trunk\Platform\Windows\Xtr3D.Net\API Documentation\Help\Working\BuildReferenceTopics.proj]
BuildAssembler : warning : ResolveReferenceLinksComponent: [T:Xtr3D.Net.ExtremeMotion.Gesture.GesturesStream] Unknown reference link target &#39;M:Xtr3D.Net.BaseTypes.StreamBase`2.Enable&#39;. [R:\WorkSpace\Jobs\Build-ExtremeMotion-CS_API_Documentation\trunk\Platform\Windows\Xtr3D.Net\API Documentation\Help\Working\BuildReferenceTopics.proj]
BuildAssembler : warning : ResolveReferenceLinksComponent: [T:Xtr3D.Net.ExtremeMotion.Gesture.GesturesStream] Unknown reference link target &#39;P:Xtr3D.Net.BaseTypes.StreamBase`2.Handleables&#39;. [R:\WorkSpace\Jobs\Build-ExtremeMotion-CS_API_Documentation\trunk\Platform\Windows\Xtr3D.Net\API Documentation\Help\Working\BuildReferenceTopics.proj]
BuildAssembler : warning : ResolveReferenceLinksComponent: [Methods.T:Xtr3D.Net.ExtremeMotion.Gesture.GesturesStream] Unknown reference link target &#39;M:Xtr3D.Net.BaseTypes.StreamBase`2.Disable&#39;. [R:\WorkSpace\Jobs\Build-ExtremeMotion-CS_API_Documentation\trunk\Platform\Windows\Xtr3D.Net\API Documentation\Help\Working\BuildReferenceTopics.proj]
BuildAssembler : warning : ResolveReferenceLinksComponent: [Methods.T:Xtr3D.Net.ExtremeMotion.Gesture.GesturesStream] Unknown reference link target &#39;M:Xtr3D.Net.BaseTypes.StreamBase`2.Enable&#39;. [R:\WorkSpace\Jobs\Build-ExtremeMotion-CS_API_Documentation\trunk\Platform\Windows\Xtr3D.Net\API Documentation\Help\Working\BuildReferenceTopics.proj]
BuildAssembler : warning : ResolveReferenceLinksComponent: [Methods.T:Xtr3D.Net.ExtremeMotion.Gesture.GesturesStream] Unknown reference link target &#39;M:Xtr3D.Net.BaseTypes.StreamBase`2.Disable&#39;. [R:\WorkSpace\Jobs\Build-ExtremeMotion-CS_API_Documentation\trunk\Platform\Windows\Xtr3D.Net\API Documentation\Help\Working\BuildReferenceTopics.proj]
BuildAssembler : warning : ResolveReferenceLinksComponent: [Methods.T:Xtr3D.Net.ExtremeMotion.Gesture.GesturesStream] Unknown reference link target &#39;M:Xtr3D.Net.BaseTypes.StreamBase`2.Enable&#39;. [R:\WorkSpace\Jobs\Build-ExtremeMotion-CS_API_Documentation\trunk\Platform\Windows\Xtr3D.Net\API Documentation\Help\Working\BuildReferenceTopics.proj]
BuildAssembler : warning : ResolveReferenceLinksComponent: [Properties.T:Xtr3D.Net.ExtremeMotion.Gesture.GesturesStream] Unknown reference link target &#39;P:Xtr3D.Net.BaseTypes.StreamBase`2.Handleables&#39;. [R:\WorkSpace\Jobs\Build-ExtremeMotion-CS_API_Documentation\trunk\Platform\Windows\Xtr3D.Net\API Documentation\Help\Working\BuildReferenceTopics.proj]
BuildAssembler : warning : ResolveReferenceLinksComponent: [Properties.T:Xtr3D.Net.ExtremeMotion.Gesture.GesturesStream] Unknown reference link target &#39;P:Xtr3D.Net.BaseTypes.StreamBase`2.Handleables&#39;. [R:\WorkSpace\Jobs\Build-ExtremeMotion-CS_API_Documentation\trunk\Platform\Windows\Xtr3D.Net\API Documentation\Help\Working\BuildReferenceTopics.proj]
BuildAssembler : warning : ResolveReferenceLinksComponent: [P:Xtr3D.Net.ExtremeMotion.Gesture.GesturesStream.Handleables] Unknown reference link target &#39;T:Xtr3D.Net.Interop.Types.tagXTR3D_MD_GESTURE_e&#39;. [R:\WorkSpace\Jobs\Build-ExtremeMotion-CS_API_Documentation\trunk\Platform\Windows\Xtr3D.Net\API Documentation\Help\Working\BuildReferenceTopics.proj]
BuildAssembler : warning : ResolveReferenceLinksComponent: [P:Xtr3D.Net.ExtremeMotion.Gesture.GesturesStream.Handleables] Unknown reference link target &#39;T:Xtr3D.Net.Interop.Types.tagXTR3D_MD_GESTURE_e&#39;. [R:\WorkSpace\Jobs\Build-ExtremeMotion-CS_API_Documentation\trunk\Platform\Windows\Xtr3D.Net\API Documentation\Help\Working\BuildReferenceTopics.proj]
  Processed 394 topic(s)
  102 warning(s)
  CopyFromIndexComponent: &quot;reflection&quot; in-memory cache entries used: 4 of 15.
  CopyFromIndexComponent: &quot;comments&quot; in-memory cache entries used: 4 of 30.
Done Building Project &quot;R:\WorkSpace\Jobs\Build-ExtremeMotion-CS_API_Documentation\trunk\Platform\Windows\Xtr3D.Net\API Documentation\Help\Working\BuildReferenceTopics.proj&quot; (default targets).

Build succeeded.

Time Elapsed 00:00:29.65
    Last step completed in 00:00:29.7580
</buildStep>
<buildStep step="CombiningIntermediateTocFiles">
Combining conceptual and API intermediate TOC files...

Clearing any prior web output
    Last step completed in 00:00:00.0040
</buildStep>
<buildStep step="ExtractingHtmlInfo">
Extracting HTML info for HTML Help 1 and/or website...
[C:\Windows\Microsoft.NET\Framework\v4.0.30319\MSBuild.exe]
Sandcastle Help File Builder, version 2014.5.31.0
Copyright c 2006-2014, Eric Woodruff, All Rights Reserved
E-Mail: Eric@EWoodruff.us

Using LCID &#39;1033&#39;, code page &#39;65001&#39;, encoding charset &#39;UTF-8&#39;.

Processing Help 1 files in R:\WorkSpace\Jobs\Build-ExtremeMotion-CS_API_Documentation\trunk\Platform\Windows\Xtr3D.Net\API Documentation\Help\Working\Output\HtmlHelp1
Processed 394 HTML files
Sorting keywords and generating See Also indices
Saving HTML Help 1 keyword index to R:\WorkSpace\Jobs\Build-ExtremeMotion-CS_API_Documentation\trunk\Platform\Windows\Xtr3D.Net\API Documentation\Help\Working\ExtremeMotionSDK_API_Reference.hhk
Saving HTML Help 1 table of contents to R:\WorkSpace\Jobs\Build-ExtremeMotion-CS_API_Documentation\trunk\Platform\Windows\Xtr3D.Net\API Documentation\Help\Working\ExtremeMotionSDK_API_Reference.hhc

Processing website files in R:\WorkSpace\Jobs\Build-ExtremeMotion-CS_API_Documentation\trunk\Platform\Windows\Xtr3D.Net\API Documentation\Help\Working\Output\Website
Processed 394 HTML files
Sorting keywords and generating See Also indices
Saving website keyword index to R:\WorkSpace\Jobs\Build-ExtremeMotion-CS_API_Documentation\trunk\Platform\Windows\Xtr3D.Net\API Documentation\Help\Working\WebKI.xml
Saving website table of contents to R:\WorkSpace\Jobs\Build-ExtremeMotion-CS_API_Documentation\trunk\Platform\Windows\Xtr3D.Net\API Documentation\Help\Working\WebTOC.xml
    Last step completed in 00:00:00.8760
</buildStep>
<buildStep step="CopyStandardHelpContent">
Copying standard help content...
C:\Program Files (x86)\EWSoftware\Sandcastle Help File Builder\PresentationStyles\VS2010\icons\alert_caution.gif -&gt; R:\WorkSpace\Jobs\Build-ExtremeMotion-CS_API_Documentation\trunk\Platform\Windows\Xtr3D.Net\API Documentation\Help\Working\Output\HtmlHelp1\icons\alert_caution.gif
C:\Program Files (x86)\EWSoftware\Sandcastle Help File Builder\PresentationStyles\VS2010\icons\alert_note.gif -&gt; R:\WorkSpace\Jobs\Build-ExtremeMotion-CS_API_Documentation\trunk\Platform\Windows\Xtr3D.Net\API Documentation\Help\Working\Output\HtmlHelp1\icons\alert_note.gif
C:\Program Files (x86)\EWSoftware\Sandcastle Help File Builder\PresentationStyles\VS2010\icons\alert_security.gif -&gt; R:\WorkSpace\Jobs\Build-ExtremeMotion-CS_API_Documentation\trunk\Platform\Windows\Xtr3D.Net\API Documentation\Help\Working\Output\HtmlHelp1\icons\alert_security.gif
C:\Program Files (x86)\EWSoftware\Sandcastle Help File Builder\PresentationStyles\VS2010\icons\CFW.gif -&gt; R:\WorkSpace\Jobs\Build-ExtremeMotion-CS_API_Documentation\trunk\Platform\Windows\Xtr3D.Net\API Documentation\Help\Working\Output\HtmlHelp1\icons\CFW.gif
C:\Program Files (x86)\EWSoftware\Sandcastle Help File Builder\PresentationStyles\VS2010\icons\CodeExample.png -&gt; R:\WorkSpace\Jobs\Build-ExtremeMotion-CS_API_Documentation\trunk\Platform\Windows\Xtr3D.Net\API Documentation\Help\Working\Output\HtmlHelp1\icons\CodeExample.png
C:\Program Files (x86)\EWSoftware\Sandcastle Help File Builder\PresentationStyles\VS2010\icons\favicon.ico -&gt; R:\WorkSpace\Jobs\Build-ExtremeMotion-CS_API_Documentation\trunk\Platform\Windows\Xtr3D.Net\API Documentation\Help\Working\Output\HtmlHelp1\icons\favicon.ico
C:\Program Files (x86)\EWSoftware\Sandcastle Help File Builder\PresentationStyles\VS2010\icons\footer_slice.gif -&gt; R:\WorkSpace\Jobs\Build-ExtremeMotion-CS_API_Documentation\trunk\Platform\Windows\Xtr3D.Net\API Documentation\Help\Working\Output\HtmlHelp1\icons\footer_slice.gif
C:\Program Files (x86)\EWSoftware\Sandcastle Help File Builder\PresentationStyles\VS2010\icons\privclass.gif -&gt; R:\WorkSpace\Jobs\Build-ExtremeMotion-CS_API_Documentation\trunk\Platform\Windows\Xtr3D.Net\API Documentation\Help\Working\Output\HtmlHelp1\icons\privclass.gif
C:\Program Files (x86)\EWSoftware\Sandcastle Help File Builder\PresentationStyles\VS2010\icons\privdelegate.gif -&gt; R:\WorkSpace\Jobs\Build-ExtremeMotion-CS_API_Documentation\trunk\Platform\Windows\Xtr3D.Net\API Documentation\Help\Working\Output\HtmlHelp1\icons\privdelegate.gif
C:\Program Files (x86)\EWSoftware\Sandcastle Help File Builder\PresentationStyles\VS2010\icons\privenumeration.gif -&gt; R:\WorkSpace\Jobs\Build-ExtremeMotion-CS_API_Documentation\trunk\Platform\Windows\Xtr3D.Net\API Documentation\Help\Working\Output\HtmlHelp1\icons\privenumeration.gif
C:\Program Files (x86)\EWSoftware\Sandcastle Help File Builder\PresentationStyles\VS2010\icons\privevent.gif -&gt; R:\WorkSpace\Jobs\Build-ExtremeMotion-CS_API_Documentation\trunk\Platform\Windows\Xtr3D.Net\API Documentation\Help\Working\Output\HtmlHelp1\icons\privevent.gif
C:\Program Files (x86)\EWSoftware\Sandcastle Help File Builder\PresentationStyles\VS2010\icons\privextension.gif -&gt; R:\WorkSpace\Jobs\Build-ExtremeMotion-CS_API_Documentation\trunk\Platform\Windows\Xtr3D.Net\API Documentation\Help\Working\Output\HtmlHelp1\icons\privextension.gif
C:\Program Files (x86)\EWSoftware\Sandcastle Help File Builder\PresentationStyles\VS2010\icons\privfield.gif -&gt; R:\WorkSpace\Jobs\Build-ExtremeMotion-CS_API_Documentation\trunk\Platform\Windows\Xtr3D.Net\API Documentation\Help\Working\Output\HtmlHelp1\icons\privfield.gif
C:\Program Files (x86)\EWSoftware\Sandcastle Help File Builder\PresentationStyles\VS2010\icons\privinterface.gif -&gt; R:\WorkSpace\Jobs\Build-ExtremeMotion-CS_API_Documentation\trunk\Platform\Windows\Xtr3D.Net\API Documentation\Help\Working\Output\HtmlHelp1\icons\privinterface.gif
C:\Program Files (x86)\EWSoftware\Sandcastle Help File Builder\PresentationStyles\VS2010\icons\privmethod.gif -&gt; R:\WorkSpace\Jobs\Build-ExtremeMotion-CS_API_Documentation\trunk\Platform\Windows\Xtr3D.Net\API Documentation\Help\Working\Output\HtmlHelp1\icons\privmethod.gif
C:\Program Files (x86)\EWSoftware\Sandcastle Help File Builder\PresentationStyles\VS2010\icons\privproperty.gif -&gt; R:\WorkSpace\Jobs\Build-ExtremeMotion-CS_API_Documentation\trunk\Platform\Windows\Xtr3D.Net\API Documentation\Help\Working\Output\HtmlHelp1\icons\privproperty.gif
C:\Program Files (x86)\EWSoftware\Sandcastle Help File Builder\PresentationStyles\VS2010\icons\privstructure.gif -&gt; R:\WorkSpace\Jobs\Build-ExtremeMotion-CS_API_Documentation\trunk\Platform\Windows\Xtr3D.Net\API Documentation\Help\Working\Output\HtmlHelp1\icons\privstructure.gif
C:\Program Files (x86)\EWSoftware\Sandcastle Help File Builder\PresentationStyles\VS2010\icons\protclass.gif -&gt; R:\WorkSpace\Jobs\Build-ExtremeMotion-CS_API_Documentation\trunk\Platform\Windows\Xtr3D.Net\API Documentation\Help\Working\Output\HtmlHelp1\icons\protclass.gif
C:\Program Files (x86)\EWSoftware\Sandcastle Help File Builder\PresentationStyles\VS2010\icons\protdelegate.gif -&gt; R:\WorkSpace\Jobs\Build-ExtremeMotion-CS_API_Documentation\trunk\Platform\Windows\Xtr3D.Net\API Documentation\Help\Working\Output\HtmlHelp1\icons\protdelegate.gif
C:\Program Files (x86)\EWSoftware\Sandcastle Help File Builder\PresentationStyles\VS2010\icons\protenumeration.gif -&gt; R:\WorkSpace\Jobs\Build-ExtremeMotion-CS_API_Documentation\trunk\Platform\Windows\Xtr3D.Net\API Documentation\Help\Working\Output\HtmlHelp1\icons\protenumeration.gif
C:\Program Files (x86)\EWSoftware\Sandcastle Help File Builder\PresentationStyles\VS2010\icons\protevent.gif -&gt; R:\WorkSpace\Jobs\Build-ExtremeMotion-CS_API_Documentation\trunk\Platform\Windows\Xtr3D.Net\API Documentation\Help\Working\Output\HtmlHelp1\icons\protevent.gif
C:\Program Files (x86)\EWSoftware\Sandcastle Help File Builder\PresentationStyles\VS2010\icons\protextension.gif -&gt; R:\WorkSpace\Jobs\Build-ExtremeMotion-CS_API_Documentation\trunk\Platform\Windows\Xtr3D.Net\API Documentation\Help\Working\Output\HtmlHelp1\icons\protextension.gif
C:\Program Files (x86)\EWSoftware\Sandcastle Help File Builder\PresentationStyles\VS2010\icons\protfield.gif -&gt; R:\WorkSpace\Jobs\Build-ExtremeMotion-CS_API_Documentation\trunk\Platform\Windows\Xtr3D.Net\API Documentation\Help\Working\Output\HtmlHelp1\icons\protfield.gif
C:\Program Files (x86)\EWSoftware\Sandcastle Help File Builder\PresentationStyles\VS2010\icons\protinterface.gif -&gt; R:\WorkSpace\Jobs\Build-ExtremeMotion-CS_API_Documentation\trunk\Platform\Windows\Xtr3D.Net\API Documentation\Help\Working\Output\HtmlHelp1\icons\protinterface.gif
C:\Program Files (x86)\EWSoftware\Sandcastle Help File Builder\PresentationStyles\VS2010\icons\protmethod.gif -&gt; R:\WorkSpace\Jobs\Build-ExtremeMotion-CS_API_Documentation\trunk\Platform\Windows\Xtr3D.Net\API Documentation\Help\Working\Output\HtmlHelp1\icons\protmethod.gif
C:\Program Files (x86)\EWSoftware\Sandcastle Help File Builder\PresentationStyles\VS2010\icons\protoperator.gif -&gt; R:\WorkSpace\Jobs\Build-ExtremeMotion-CS_API_Documentation\trunk\Platform\Windows\Xtr3D.Net\API Documentation\Help\Working\Output\HtmlHelp1\icons\protoperator.gif
C:\Program Files (x86)\EWSoftware\Sandcastle Help File Builder\PresentationStyles\VS2010\icons\protproperty.gif -&gt; R:\WorkSpace\Jobs\Build-ExtremeMotion-CS_API_Documentation\trunk\Platform\Windows\Xtr3D.Net\API Documentation\Help\Working\Output\HtmlHelp1\icons\protproperty.gif
C:\Program Files (x86)\EWSoftware\Sandcastle Help File Builder\PresentationStyles\VS2010\icons\protstructure.gif -&gt; R:\WorkSpace\Jobs\Build-ExtremeMotion-CS_API_Documentation\trunk\Platform\Windows\Xtr3D.Net\API Documentation\Help\Working\Output\HtmlHelp1\icons\protstructure.gif
C:\Program Files (x86)\EWSoftware\Sandcastle Help File Builder\PresentationStyles\VS2010\icons\pubclass.gif -&gt; R:\WorkSpace\Jobs\Build-ExtremeMotion-CS_API_Documentation\trunk\Platform\Windows\Xtr3D.Net\API Documentation\Help\Working\Output\HtmlHelp1\icons\pubclass.gif
C:\Program Files (x86)\EWSoftware\Sandcastle Help File Builder\PresentationStyles\VS2010\icons\pubdelegate.gif -&gt; R:\WorkSpace\Jobs\Build-ExtremeMotion-CS_API_Documentation\trunk\Platform\Windows\Xtr3D.Net\API Documentation\Help\Working\Output\HtmlHelp1\icons\pubdelegate.gif
C:\Program Files (x86)\EWSoftware\Sandcastle Help File Builder\PresentationStyles\VS2010\icons\pubenumeration.gif -&gt; R:\WorkSpace\Jobs\Build-ExtremeMotion-CS_API_Documentation\trunk\Platform\Windows\Xtr3D.Net\API Documentation\Help\Working\Output\HtmlHelp1\icons\pubenumeration.gif
C:\Program Files (x86)\EWSoftware\Sandcastle Help File Builder\PresentationStyles\VS2010\icons\pubevent.gif -&gt; R:\WorkSpace\Jobs\Build-ExtremeMotion-CS_API_Documentation\trunk\Platform\Windows\Xtr3D.Net\API Documentation\Help\Working\Output\HtmlHelp1\icons\pubevent.gif
C:\Program Files (x86)\EWSoftware\Sandcastle Help File Builder\PresentationStyles\VS2010\icons\pubextension.gif -&gt; R:\WorkSpace\Jobs\Build-ExtremeMotion-CS_API_Documentation\trunk\Platform\Windows\Xtr3D.Net\API Documentation\Help\Working\Output\HtmlHelp1\icons\pubextension.gif
C:\Program Files (x86)\EWSoftware\Sandcastle Help File Builder\PresentationStyles\VS2010\icons\pubfield.gif -&gt; R:\WorkSpace\Jobs\Build-ExtremeMotion-CS_API_Documentation\trunk\Platform\Windows\Xtr3D.Net\API Documentation\Help\Working\Output\HtmlHelp1\icons\pubfield.gif
C:\Program Files (x86)\EWSoftware\Sandcastle Help File Builder\PresentationStyles\VS2010\icons\pubinterface.gif -&gt; R:\WorkSpace\Jobs\Build-ExtremeMotion-CS_API_Documentation\trunk\Platform\Windows\Xtr3D.Net\API Documentation\Help\Working\Output\HtmlHelp1\icons\pubinterface.gif
C:\Program Files (x86)\EWSoftware\Sandcastle Help File Builder\PresentationStyles\VS2010\icons\pubmethod.gif -&gt; R:\WorkSpace\Jobs\Build-ExtremeMotion-CS_API_Documentation\trunk\Platform\Windows\Xtr3D.Net\API Documentation\Help\Working\Output\HtmlHelp1\icons\pubmethod.gif
C:\Program Files (x86)\EWSoftware\Sandcastle Help File Builder\PresentationStyles\VS2010\icons\puboperator.gif -&gt; R:\WorkSpace\Jobs\Build-ExtremeMotion-CS_API_Documentation\trunk\Platform\Windows\Xtr3D.Net\API Documentation\Help\Working\Output\HtmlHelp1\icons\puboperator.gif
C:\Program Files (x86)\EWSoftware\Sandcastle Help File Builder\PresentationStyles\VS2010\icons\pubproperty.gif -&gt; R:\WorkSpace\Jobs\Build-ExtremeMotion-CS_API_Documentation\trunk\Platform\Windows\Xtr3D.Net\API Documentation\Help\Working\Output\HtmlHelp1\icons\pubproperty.gif
C:\Program Files (x86)\EWSoftware\Sandcastle Help File Builder\PresentationStyles\VS2010\icons\pubstructure.gif -&gt; R:\WorkSpace\Jobs\Build-ExtremeMotion-CS_API_Documentation\trunk\Platform\Windows\Xtr3D.Net\API Documentation\Help\Working\Output\HtmlHelp1\icons\pubstructure.gif
C:\Program Files (x86)\EWSoftware\Sandcastle Help File Builder\PresentationStyles\VS2010\icons\slMobile.gif -&gt; R:\WorkSpace\Jobs\Build-ExtremeMotion-CS_API_Documentation\trunk\Platform\Windows\Xtr3D.Net\API Documentation\Help\Working\Output\HtmlHelp1\icons\slMobile.gif
C:\Program Files (x86)\EWSoftware\Sandcastle Help File Builder\PresentationStyles\VS2010\icons\static.gif -&gt; R:\WorkSpace\Jobs\Build-ExtremeMotion-CS_API_Documentation\trunk\Platform\Windows\Xtr3D.Net\API Documentation\Help\Working\Output\HtmlHelp1\icons\static.gif
C:\Program Files (x86)\EWSoftware\Sandcastle Help File Builder\PresentationStyles\VS2010\icons\tabLeftBG.gif -&gt; R:\WorkSpace\Jobs\Build-ExtremeMotion-CS_API_Documentation\trunk\Platform\Windows\Xtr3D.Net\API Documentation\Help\Working\Output\HtmlHelp1\icons\tabLeftBG.gif
C:\Program Files (x86)\EWSoftware\Sandcastle Help File Builder\PresentationStyles\VS2010\icons\tabRightBG.gif -&gt; R:\WorkSpace\Jobs\Build-ExtremeMotion-CS_API_Documentation\trunk\Platform\Windows\Xtr3D.Net\API Documentation\Help\Working\Output\HtmlHelp1\icons\tabRightBG.gif
C:\Program Files (x86)\EWSoftware\Sandcastle Help File Builder\PresentationStyles\VS2010\icons\xna.gif -&gt; R:\WorkSpace\Jobs\Build-ExtremeMotion-CS_API_Documentation\trunk\Platform\Windows\Xtr3D.Net\API Documentation\Help\Working\Output\HtmlHelp1\icons\xna.gif
C:\Program Files (x86)\EWSoftware\Sandcastle Help File Builder\PresentationStyles\VS2010\scripts\branding.js -&gt; R:\WorkSpace\Jobs\Build-ExtremeMotion-CS_API_Documentation\trunk\Platform\Windows\Xtr3D.Net\API Documentation\Help\Working\Output\HtmlHelp1\scripts\branding.js
C:\Program Files (x86)\EWSoftware\Sandcastle Help File Builder\PresentationStyles\VS2010\styles\branding-cs-CZ.css -&gt; R:\WorkSpace\Jobs\Build-ExtremeMotion-CS_API_Documentation\trunk\Platform\Windows\Xtr3D.Net\API Documentation\Help\Working\Output\HtmlHelp1\styles\branding-cs-CZ.css
C:\Program Files (x86)\EWSoftware\Sandcastle Help File Builder\PresentationStyles\VS2010\styles\branding-de-DE.css -&gt; R:\WorkSpace\Jobs\Build-ExtremeMotion-CS_API_Documentation\trunk\Platform\Windows\Xtr3D.Net\API Documentation\Help\Working\Output\HtmlHelp1\styles\branding-de-DE.css
C:\Program Files (x86)\EWSoftware\Sandcastle Help File Builder\PresentationStyles\VS2010\styles\branding-en-US.css -&gt; R:\WorkSpace\Jobs\Build-ExtremeMotion-CS_API_Documentation\trunk\Platform\Windows\Xtr3D.Net\API Documentation\Help\Working\Output\HtmlHelp1\styles\branding-en-US.css
C:\Program Files (x86)\EWSoftware\Sandcastle Help File Builder\PresentationStyles\VS2010\styles\branding-es-ES.css -&gt; R:\WorkSpace\Jobs\Build-ExtremeMotion-CS_API_Documentation\trunk\Platform\Windows\Xtr3D.Net\API Documentation\Help\Working\Output\HtmlHelp1\styles\branding-es-ES.css
C:\Program Files (x86)\EWSoftware\Sandcastle Help File Builder\PresentationStyles\VS2010\styles\branding-fr-FR.css -&gt; R:\WorkSpace\Jobs\Build-ExtremeMotion-CS_API_Documentation\trunk\Platform\Windows\Xtr3D.Net\API Documentation\Help\Working\Output\HtmlHelp1\styles\branding-fr-FR.css
C:\Program Files (x86)\EWSoftware\Sandcastle Help File Builder\PresentationStyles\VS2010\styles\branding-Help1.css -&gt; R:\WorkSpace\Jobs\Build-ExtremeMotion-CS_API_Documentation\trunk\Platform\Windows\Xtr3D.Net\API Documentation\Help\Working\Output\HtmlHelp1\styles\branding-Help1.css
C:\Program Files (x86)\EWSoftware\Sandcastle Help File Builder\PresentationStyles\VS2010\styles\branding-Help2.css -&gt; R:\WorkSpace\Jobs\Build-ExtremeMotion-CS_API_Documentation\trunk\Platform\Windows\Xtr3D.Net\API Documentation\Help\Working\Output\HtmlHelp1\styles\branding-Help2.css
C:\Program Files (x86)\EWSoftware\Sandcastle Help File Builder\PresentationStyles\VS2010\styles\branding-HelpViewer.css -&gt; R:\WorkSpace\Jobs\Build-ExtremeMotion-CS_API_Documentation\trunk\Platform\Windows\Xtr3D.Net\API Documentation\Help\Working\Output\HtmlHelp1\styles\branding-HelpViewer.css
C:\Program Files (x86)\EWSoftware\Sandcastle Help File Builder\PresentationStyles\VS2010\styles\branding-it-IT.css -&gt; R:\WorkSpace\Jobs\Build-ExtremeMotion-CS_API_Documentation\trunk\Platform\Windows\Xtr3D.Net\API Documentation\Help\Working\Output\HtmlHelp1\styles\branding-it-IT.css
C:\Program Files (x86)\EWSoftware\Sandcastle Help File Builder\PresentationStyles\VS2010\styles\branding-ja-JP.css -&gt; R:\WorkSpace\Jobs\Build-ExtremeMotion-CS_API_Documentation\trunk\Platform\Windows\Xtr3D.Net\API Documentation\Help\Working\Output\HtmlHelp1\styles\branding-ja-JP.css
C:\Program Files (x86)\EWSoftware\Sandcastle Help File Builder\PresentationStyles\VS2010\styles\branding-ko-KR.css -&gt; R:\WorkSpace\Jobs\Build-ExtremeMotion-CS_API_Documentation\trunk\Platform\Windows\Xtr3D.Net\API Documentation\Help\Working\Output\HtmlHelp1\styles\branding-ko-KR.css
C:\Program Files (x86)\EWSoftware\Sandcastle Help File Builder\PresentationStyles\VS2010\styles\branding-pl-PL.css -&gt; R:\WorkSpace\Jobs\Build-ExtremeMotion-CS_API_Documentation\trunk\Platform\Windows\Xtr3D.Net\API Documentation\Help\Working\Output\HtmlHelp1\styles\branding-pl-PL.css
C:\Program Files (x86)\EWSoftware\Sandcastle Help File Builder\PresentationStyles\VS2010\styles\branding-pt-BR.css -&gt; R:\WorkSpace\Jobs\Build-ExtremeMotion-CS_API_Documentation\trunk\Platform\Windows\Xtr3D.Net\API Documentation\Help\Working\Output\HtmlHelp1\styles\branding-pt-BR.css
C:\Program Files (x86)\EWSoftware\Sandcastle Help File Builder\PresentationStyles\VS2010\styles\branding-ru-RU.css -&gt; R:\WorkSpace\Jobs\Build-ExtremeMotion-CS_API_Documentation\trunk\Platform\Windows\Xtr3D.Net\API Documentation\Help\Working\Output\HtmlHelp1\styles\branding-ru-RU.css
C:\Program Files (x86)\EWSoftware\Sandcastle Help File Builder\PresentationStyles\VS2010\styles\branding-tr-TR.css -&gt; R:\WorkSpace\Jobs\Build-ExtremeMotion-CS_API_Documentation\trunk\Platform\Windows\Xtr3D.Net\API Documentation\Help\Working\Output\HtmlHelp1\styles\branding-tr-TR.css
C:\Program Files (x86)\EWSoftware\Sandcastle Help File Builder\PresentationStyles\VS2010\styles\branding-zh-CN.css -&gt; R:\WorkSpace\Jobs\Build-ExtremeMotion-CS_API_Documentation\trunk\Platform\Windows\Xtr3D.Net\API Documentation\Help\Working\Output\HtmlHelp1\styles\branding-zh-CN.css
C:\Program Files (x86)\EWSoftware\Sandcastle Help File Builder\PresentationStyles\VS2010\styles\branding-zh-TW.css -&gt; R:\WorkSpace\Jobs\Build-ExtremeMotion-CS_API_Documentation\trunk\Platform\Windows\Xtr3D.Net\API Documentation\Help\Working\Output\HtmlHelp1\styles\branding-zh-TW.css
C:\Program Files (x86)\EWSoftware\Sandcastle Help File Builder\PresentationStyles\VS2010\styles\branding.css -&gt; R:\WorkSpace\Jobs\Build-ExtremeMotion-CS_API_Documentation\trunk\Platform\Windows\Xtr3D.Net\API Documentation\Help\Working\Output\HtmlHelp1\styles\branding.css
C:\Program Files (x86)\EWSoftware\Sandcastle Help File Builder\PresentationStyles\VS2010\icons\alert_caution.gif -&gt; R:\WorkSpace\Jobs\Build-ExtremeMotion-CS_API_Documentation\trunk\Platform\Windows\Xtr3D.Net\API Documentation\Help\Working\Output\Website\icons\alert_caution.gif
C:\Program Files (x86)\EWSoftware\Sandcastle Help File Builder\PresentationStyles\VS2010\icons\alert_note.gif -&gt; R:\WorkSpace\Jobs\Build-ExtremeMotion-CS_API_Documentation\trunk\Platform\Windows\Xtr3D.Net\API Documentation\Help\Working\Output\Website\icons\alert_note.gif
C:\Program Files (x86)\EWSoftware\Sandcastle Help File Builder\PresentationStyles\VS2010\icons\alert_security.gif -&gt; R:\WorkSpace\Jobs\Build-ExtremeMotion-CS_API_Documentation\trunk\Platform\Windows\Xtr3D.Net\API Documentation\Help\Working\Output\Website\icons\alert_security.gif
C:\Program Files (x86)\EWSoftware\Sandcastle Help File Builder\PresentationStyles\VS2010\icons\CFW.gif -&gt; R:\WorkSpace\Jobs\Build-ExtremeMotion-CS_API_Documentation\trunk\Platform\Windows\Xtr3D.Net\API Documentation\Help\Working\Output\Website\icons\CFW.gif
C:\Program Files (x86)\EWSoftware\Sandcastle Help File Builder\PresentationStyles\VS2010\icons\CodeExample.png -&gt; R:\WorkSpace\Jobs\Build-ExtremeMotion-CS_API_Documentation\trunk\Platform\Windows\Xtr3D.Net\API Documentation\Help\Working\Output\Website\icons\CodeExample.png
C:\Program Files (x86)\EWSoftware\Sandcastle Help File Builder\PresentationStyles\VS2010\icons\favicon.ico -&gt; R:\WorkSpace\Jobs\Build-ExtremeMotion-CS_API_Documentation\trunk\Platform\Windows\Xtr3D.Net\API Documentation\Help\Working\Output\Website\icons\favicon.ico
C:\Program Files (x86)\EWSoftware\Sandcastle Help File Builder\PresentationStyles\VS2010\icons\footer_slice.gif -&gt; R:\WorkSpace\Jobs\Build-ExtremeMotion-CS_API_Documentation\trunk\Platform\Windows\Xtr3D.Net\API Documentation\Help\Working\Output\Website\icons\footer_slice.gif
C:\Program Files (x86)\EWSoftware\Sandcastle Help File Builder\PresentationStyles\VS2010\icons\privclass.gif -&gt; R:\WorkSpace\Jobs\Build-ExtremeMotion-CS_API_Documentation\trunk\Platform\Windows\Xtr3D.Net\API Documentation\Help\Working\Output\Website\icons\privclass.gif
C:\Program Files (x86)\EWSoftware\Sandcastle Help File Builder\PresentationStyles\VS2010\icons\privdelegate.gif -&gt; R:\WorkSpace\Jobs\Build-ExtremeMotion-CS_API_Documentation\trunk\Platform\Windows\Xtr3D.Net\API Documentation\Help\Working\Output\Website\icons\privdelegate.gif
C:\Program Files (x86)\EWSoftware\Sandcastle Help File Builder\PresentationStyles\VS2010\icons\privenumeration.gif -&gt; R:\WorkSpace\Jobs\Build-ExtremeMotion-CS_API_Documentation\trunk\Platform\Windows\Xtr3D.Net\API Documentation\Help\Working\Output\Website\icons\privenumeration.gif
C:\Program Files (x86)\EWSoftware\Sandcastle Help File Builder\PresentationStyles\VS2010\icons\privevent.gif -&gt; R:\WorkSpace\Jobs\Build-ExtremeMotion-CS_API_Documentation\trunk\Platform\Windows\Xtr3D.Net\API Documentation\Help\Working\Output\Website\icons\privevent.gif
C:\Program Files (x86)\EWSoftware\Sandcastle Help File Builder\PresentationStyles\VS2010\icons\privextension.gif -&gt; R:\WorkSpace\Jobs\Build-ExtremeMotion-CS_API_Documentation\trunk\Platform\Windows\Xtr3D.Net\API Documentation\Help\Working\Output\Website\icons\privextension.gif
C:\Program Files (x86)\EWSoftware\Sandcastle Help File Builder\PresentationStyles\VS2010\icons\privfield.gif -&gt; R:\WorkSpace\Jobs\Build-ExtremeMotion-CS_API_Documentation\trunk\Platform\Windows\Xtr3D.Net\API Documentation\Help\Working\Output\Website\icons\privfield.gif
C:\Program Files (x86)\EWSoftware\Sandcastle Help File Builder\PresentationStyles\VS2010\icons\privinterface.gif -&gt; R:\WorkSpace\Jobs\Build-ExtremeMotion-CS_API_Documentation\trunk\Platform\Windows\Xtr3D.Net\API Documentation\Help\Working\Output\Website\icons\privinterface.gif
C:\Program Files (x86)\EWSoftware\Sandcastle Help File Builder\PresentationStyles\VS2010\icons\privmethod.gif -&gt; R:\WorkSpace\Jobs\Build-ExtremeMotion-CS_API_Documentation\trunk\Platform\Windows\Xtr3D.Net\API Documentation\Help\Working\Output\Website\icons\privmethod.gif
C:\Program Files (x86)\EWSoftware\Sandcastle Help File Builder\PresentationStyles\VS2010\icons\privproperty.gif -&gt; R:\WorkSpace\Jobs\Build-ExtremeMotion-CS_API_Documentation\trunk\Platform\Windows\Xtr3D.Net\API Documentation\Help\Working\Output\Website\icons\privproperty.gif
C:\Program Files (x86)\EWSoftware\Sandcastle Help File Builder\PresentationStyles\VS2010\icons\privstructure.gif -&gt; R:\WorkSpace\Jobs\Build-ExtremeMotion-CS_API_Documentation\trunk\Platform\Windows\Xtr3D.Net\API Documentation\Help\Working\Output\Website\icons\privstructure.gif
C:\Program Files (x86)\EWSoftware\Sandcastle Help File Builder\PresentationStyles\VS2010\icons\protclass.gif -&gt; R:\WorkSpace\Jobs\Build-ExtremeMotion-CS_API_Documentation\trunk\Platform\Windows\Xtr3D.Net\API Documentation\Help\Working\Output\Website\icons\protclass.gif
C:\Program Files (x86)\EWSoftware\Sandcastle Help File Builder\PresentationStyles\VS2010\icons\protdelegate.gif -&gt; R:\WorkSpace\Jobs\Build-ExtremeMotion-CS_API_Documentation\trunk\Platform\Windows\Xtr3D.Net\API Documentation\Help\Working\Output\Website\icons\protdelegate.gif
C:\Program Files (x86)\EWSoftware\Sandcastle Help File Builder\PresentationStyles\VS2010\icons\protenumeration.gif -&gt; R:\WorkSpace\Jobs\Build-ExtremeMotion-CS_API_Documentation\trunk\Platform\Windows\Xtr3D.Net\API Documentation\Help\Working\Output\Website\icons\protenumeration.gif
C:\Program Files (x86)\EWSoftware\Sandcastle Help File Builder\PresentationStyles\VS2010\icons\protevent.gif -&gt; R:\WorkSpace\Jobs\Build-ExtremeMotion-CS_API_Documentation\trunk\Platform\Windows\Xtr3D.Net\API Documentation\Help\Working\Output\Website\icons\protevent.gif
C:\Program Files (x86)\EWSoftware\Sandcastle Help File Builder\PresentationStyles\VS2010\icons\protextension.gif -&gt; R:\WorkSpace\Jobs\Build-ExtremeMotion-CS_API_Documentation\trunk\Platform\Windows\Xtr3D.Net\API Documentation\Help\Working\Output\Website\icons\protextension.gif
C:\Program Files (x86)\EWSoftware\Sandcastle Help File Builder\PresentationStyles\VS2010\icons\protfield.gif -&gt; R:\WorkSpace\Jobs\Build-ExtremeMotion-CS_API_Documentation\trunk\Platform\Windows\Xtr3D.Net\API Documentation\Help\Working\Output\Website\icons\protfield.gif
C:\Program Files (x86)\EWSoftware\Sandcastle Help File Builder\PresentationStyles\VS2010\icons\protinterface.gif -&gt; R:\WorkSpace\Jobs\Build-ExtremeMotion-CS_API_Documentation\trunk\Platform\Windows\Xtr3D.Net\API Documentation\Help\Working\Output\Website\icons\protinterface.gif
C:\Program Files (x86)\EWSoftware\Sandcastle Help File Builder\PresentationStyles\VS2010\icons\protmethod.gif -&gt; R:\WorkSpace\Jobs\Build-ExtremeMotion-CS_API_Documentation\trunk\Platform\Windows\Xtr3D.Net\API Documentation\Help\Working\Output\Website\icons\protmethod.gif
C:\Program Files (x86)\EWSoftware\Sandcastle Help File Builder\PresentationStyles\VS2010\icons\protoperator.gif -&gt; R:\WorkSpace\Jobs\Build-ExtremeMotion-CS_API_Documentation\trunk\Platform\Windows\Xtr3D.Net\API Documentation\Help\Working\Output\Website\icons\protoperator.gif
C:\Program Files (x86)\EWSoftware\Sandcastle Help File Builder\PresentationStyles\VS2010\icons\protproperty.gif -&gt; R:\WorkSpace\Jobs\Build-ExtremeMotion-CS_API_Documentation\trunk\Platform\Windows\Xtr3D.Net\API Documentation\Help\Working\Output\Website\icons\protproperty.gif
C:\Program Files (x86)\EWSoftware\Sandcastle Help File Builder\PresentationStyles\VS2010\icons\protstructure.gif -&gt; R:\WorkSpace\Jobs\Build-ExtremeMotion-CS_API_Documentation\trunk\Platform\Windows\Xtr3D.Net\API Documentation\Help\Working\Output\Website\icons\protstructure.gif
C:\Program Files (x86)\EWSoftware\Sandcastle Help File Builder\PresentationStyles\VS2010\icons\pubclass.gif -&gt; R:\WorkSpace\Jobs\Build-ExtremeMotion-CS_API_Documentation\trunk\Platform\Windows\Xtr3D.Net\API Documentation\Help\Working\Output\Website\icons\pubclass.gif
C:\Program Files (x86)\EWSoftware\Sandcastle Help File Builder\PresentationStyles\VS2010\icons\pubdelegate.gif -&gt; R:\WorkSpace\Jobs\Build-ExtremeMotion-CS_API_Documentation\trunk\Platform\Windows\Xtr3D.Net\API Documentation\Help\Working\Output\Website\icons\pubdelegate.gif
C:\Program Files (x86)\EWSoftware\Sandcastle Help File Builder\PresentationStyles\VS2010\icons\pubenumeration.gif -&gt; R:\WorkSpace\Jobs\Build-ExtremeMotion-CS_API_Documentation\trunk\Platform\Windows\Xtr3D.Net\API Documentation\Help\Working\Output\Website\icons\pubenumeration.gif
C:\Program Files (x86)\EWSoftware\Sandcastle Help File Builder\PresentationStyles\VS2010\icons\pubevent.gif -&gt; R:\WorkSpace\Jobs\Build-ExtremeMotion-CS_API_Documentation\trunk\Platform\Windows\Xtr3D.Net\API Documentation\Help\Working\Output\Website\icons\pubevent.gif
C:\Program Files (x86)\EWSoftware\Sandcastle Help File Builder\PresentationStyles\VS2010\icons\pubextension.gif -&gt; R:\WorkSpace\Jobs\Build-ExtremeMotion-CS_API_Documentation\trunk\Platform\Windows\Xtr3D.Net\API Documentation\Help\Working\Output\Website\icons\pubextension.gif
C:\Program Files (x86)\EWSoftware\Sandcastle Help File Builder\PresentationStyles\VS2010\icons\pubfield.gif -&gt; R:\WorkSpace\Jobs\Build-ExtremeMotion-CS_API_Documentation\trunk\Platform\Windows\Xtr3D.Net\API Documentation\Help\Working\Output\Website\icons\pubfield.gif
C:\Program Files (x86)\EWSoftware\Sandcastle Help File Builder\PresentationStyles\VS2010\icons\pubinterface.gif -&gt; R:\WorkSpace\Jobs\Build-ExtremeMotion-CS_API_Documentation\trunk\Platform\Windows\Xtr3D.Net\API Documentation\Help\Working\Output\Website\icons\pubinterface.gif
C:\Program Files (x86)\EWSoftware\Sandcastle Help File Builder\PresentationStyles\VS2010\icons\pubmethod.gif -&gt; R:\WorkSpace\Jobs\Build-ExtremeMotion-CS_API_Documentation\trunk\Platform\Windows\Xtr3D.Net\API Documentation\Help\Working\Output\Website\icons\pubmethod.gif
C:\Program Files (x86)\EWSoftware\Sandcastle Help File Builder\PresentationStyles\VS2010\icons\puboperator.gif -&gt; R:\WorkSpace\Jobs\Build-ExtremeMotion-CS_API_Documentation\trunk\Platform\Windows\Xtr3D.Net\API Documentation\Help\Working\Output\Website\icons\puboperator.gif
C:\Program Files (x86)\EWSoftware\Sandcastle Help File Builder\PresentationStyles\VS2010\icons\pubproperty.gif -&gt; R:\WorkSpace\Jobs\Build-ExtremeMotion-CS_API_Documentation\trunk\Platform\Windows\Xtr3D.Net\API Documentation\Help\Working\Output\Website\icons\pubproperty.gif
C:\Program Files (x86)\EWSoftware\Sandcastle Help File Builder\PresentationStyles\VS2010\icons\pubstructure.gif -&gt; R:\WorkSpace\Jobs\Build-ExtremeMotion-CS_API_Documentation\trunk\Platform\Windows\Xtr3D.Net\API Documentation\Help\Working\Output\Website\icons\pubstructure.gif
C:\Program Files (x86)\EWSoftware\Sandcastle Help File Builder\PresentationStyles\VS2010\icons\slMobile.gif -&gt; R:\WorkSpace\Jobs\Build-ExtremeMotion-CS_API_Documentation\trunk\Platform\Windows\Xtr3D.Net\API Documentation\Help\Working\Output\Website\icons\slMobile.gif
C:\Program Files (x86)\EWSoftware\Sandcastle Help File Builder\PresentationStyles\VS2010\icons\static.gif -&gt; R:\WorkSpace\Jobs\Build-ExtremeMotion-CS_API_Documentation\trunk\Platform\Windows\Xtr3D.Net\API Documentation\Help\Working\Output\Website\icons\static.gif
C:\Program Files (x86)\EWSoftware\Sandcastle Help File Builder\PresentationStyles\VS2010\icons\tabLeftBG.gif -&gt; R:\WorkSpace\Jobs\Build-ExtremeMotion-CS_API_Documentation\trunk\Platform\Windows\Xtr3D.Net\API Documentation\Help\Working\Output\Website\icons\tabLeftBG.gif
C:\Program Files (x86)\EWSoftware\Sandcastle Help File Builder\PresentationStyles\VS2010\icons\tabRightBG.gif -&gt; R:\WorkSpace\Jobs\Build-ExtremeMotion-CS_API_Documentation\trunk\Platform\Windows\Xtr3D.Net\API Documentation\Help\Working\Output\Website\icons\tabRightBG.gif
C:\Program Files (x86)\EWSoftware\Sandcastle Help File Builder\PresentationStyles\VS2010\icons\xna.gif -&gt; R:\WorkSpace\Jobs\Build-ExtremeMotion-CS_API_Documentation\trunk\Platform\Windows\Xtr3D.Net\API Documentation\Help\Working\Output\Website\icons\xna.gif
C:\Program Files (x86)\EWSoftware\Sandcastle Help File Builder\PresentationStyles\VS2010\scripts\branding.js -&gt; R:\WorkSpace\Jobs\Build-ExtremeMotion-CS_API_Documentation\trunk\Platform\Windows\Xtr3D.Net\API Documentation\Help\Working\Output\Website\scripts\branding.js
C:\Program Files (x86)\EWSoftware\Sandcastle Help File Builder\PresentationStyles\VS2010\styles\branding-cs-CZ.css -&gt; R:\WorkSpace\Jobs\Build-ExtremeMotion-CS_API_Documentation\trunk\Platform\Windows\Xtr3D.Net\API Documentation\Help\Working\Output\Website\styles\branding-cs-CZ.css
C:\Program Files (x86)\EWSoftware\Sandcastle Help File Builder\PresentationStyles\VS2010\styles\branding-de-DE.css -&gt; R:\WorkSpace\Jobs\Build-ExtremeMotion-CS_API_Documentation\trunk\Platform\Windows\Xtr3D.Net\API Documentation\Help\Working\Output\Website\styles\branding-de-DE.css
C:\Program Files (x86)\EWSoftware\Sandcastle Help File Builder\PresentationStyles\VS2010\styles\branding-en-US.css -&gt; R:\WorkSpace\Jobs\Build-ExtremeMotion-CS_API_Documentation\trunk\Platform\Windows\Xtr3D.Net\API Documentation\Help\Working\Output\Website\styles\branding-en-US.css
C:\Program Files (x86)\EWSoftware\Sandcastle Help File Builder\PresentationStyles\VS2010\styles\branding-es-ES.css -&gt; R:\WorkSpace\Jobs\Build-ExtremeMotion-CS_API_Documentation\trunk\Platform\Windows\Xtr3D.Net\API Documentation\Help\Working\Output\Website\styles\branding-es-ES.css
C:\Program Files (x86)\EWSoftware\Sandcastle Help File Builder\PresentationStyles\VS2010\styles\branding-fr-FR.css -&gt; R:\WorkSpace\Jobs\Build-ExtremeMotion-CS_API_Documentation\trunk\Platform\Windows\Xtr3D.Net\API Documentation\Help\Working\Output\Website\styles\branding-fr-FR.css
C:\Program Files (x86)\EWSoftware\Sandcastle Help File Builder\PresentationStyles\VS2010\styles\branding-Help1.css -&gt; R:\WorkSpace\Jobs\Build-ExtremeMotion-CS_API_Documentation\trunk\Platform\Windows\Xtr3D.Net\API Documentation\Help\Working\Output\Website\styles\branding-Help1.css
C:\Program Files (x86)\EWSoftware\Sandcastle Help File Builder\PresentationStyles\VS2010\styles\branding-Help2.css -&gt; R:\WorkSpace\Jobs\Build-ExtremeMotion-CS_API_Documentation\trunk\Platform\Windows\Xtr3D.Net\API Documentation\Help\Working\Output\Website\styles\branding-Help2.css
C:\Program Files (x86)\EWSoftware\Sandcastle Help File Builder\PresentationStyles\VS2010\styles\branding-HelpViewer.css -&gt; R:\WorkSpace\Jobs\Build-ExtremeMotion-CS_API_Documentation\trunk\Platform\Windows\Xtr3D.Net\API Documentation\Help\Working\Output\Website\styles\branding-HelpViewer.css
C:\Program Files (x86)\EWSoftware\Sandcastle Help File Builder\PresentationStyles\VS2010\styles\branding-it-IT.css -&gt; R:\WorkSpace\Jobs\Build-ExtremeMotion-CS_API_Documentation\trunk\Platform\Windows\Xtr3D.Net\API Documentation\Help\Working\Output\Website\styles\branding-it-IT.css
C:\Program Files (x86)\EWSoftware\Sandcastle Help File Builder\PresentationStyles\VS2010\styles\branding-ja-JP.css -&gt; R:\WorkSpace\Jobs\Build-ExtremeMotion-CS_API_Documentation\trunk\Platform\Windows\Xtr3D.Net\API Documentation\Help\Working\Output\Website\styles\branding-ja-JP.css
C:\Program Files (x86)\EWSoftware\Sandcastle Help File Builder\PresentationStyles\VS2010\styles\branding-ko-KR.css -&gt; R:\WorkSpace\Jobs\Build-ExtremeMotion-CS_API_Documentation\trunk\Platform\Windows\Xtr3D.Net\API Documentation\Help\Working\Output\Website\styles\branding-ko-KR.css
C:\Program Files (x86)\EWSoftware\Sandcastle Help File Builder\PresentationStyles\VS2010\styles\branding-pl-PL.css -&gt; R:\WorkSpace\Jobs\Build-ExtremeMotion-CS_API_Documentation\trunk\Platform\Windows\Xtr3D.Net\API Documentation\Help\Working\Output\Website\styles\branding-pl-PL.css
C:\Program Files (x86)\EWSoftware\Sandcastle Help File Builder\PresentationStyles\VS2010\styles\branding-pt-BR.css -&gt; R:\WorkSpace\Jobs\Build-ExtremeMotion-CS_API_Documentation\trunk\Platform\Windows\Xtr3D.Net\API Documentation\Help\Working\Output\Website\styles\branding-pt-BR.css
C:\Program Files (x86)\EWSoftware\Sandcastle Help File Builder\PresentationStyles\VS2010\styles\branding-ru-RU.css -&gt; R:\WorkSpace\Jobs\Build-ExtremeMotion-CS_API_Documentation\trunk\Platform\Windows\Xtr3D.Net\API Documentation\Help\Working\Output\Website\styles\branding-ru-RU.css
C:\Program Files (x86)\EWSoftware\Sandcastle Help File Builder\PresentationStyles\VS2010\styles\branding-tr-TR.css -&gt; R:\WorkSpace\Jobs\Build-ExtremeMotion-CS_API_Documentation\trunk\Platform\Windows\Xtr3D.Net\API Documentation\Help\Working\Output\Website\styles\branding-tr-TR.css
C:\Program Files (x86)\EWSoftware\Sandcastle Help File Builder\PresentationStyles\VS2010\styles\branding-zh-CN.css -&gt; R:\WorkSpace\Jobs\Build-ExtremeMotion-CS_API_Documentation\trunk\Platform\Windows\Xtr3D.Net\API Documentation\Help\Working\Output\Website\styles\branding-zh-CN.css
C:\Program Files (x86)\EWSoftware\Sandcastle Help File Builder\PresentationStyles\VS2010\styles\branding-zh-TW.css -&gt; R:\WorkSpace\Jobs\Build-ExtremeMotion-CS_API_Documentation\trunk\Platform\Windows\Xtr3D.Net\API Documentation\Help\Working\Output\Website\styles\branding-zh-TW.css
C:\Program Files (x86)\EWSoftware\Sandcastle Help File Builder\PresentationStyles\VS2010\styles\branding.css -&gt; R:\WorkSpace\Jobs\Build-ExtremeMotion-CS_API_Documentation\trunk\Platform\Windows\Xtr3D.Net\API Documentation\Help\Working\Output\Website\styles\branding.css
C:\Program Files (x86)\EWSoftware\Sandcastle Help File Builder\PresentationStyles\VS2010\..\LegacyWeb\CloseSearch.png -&gt; R:\WorkSpace\Jobs\Build-ExtremeMotion-CS_API_Documentation\trunk\Platform\Windows\Xtr3D.Net\API Documentation\Help\Working\Output\Website\CloseSearch.png
C:\Program Files (x86)\EWSoftware\Sandcastle Help File Builder\PresentationStyles\VS2010\..\LegacyWeb\CollapseAll.png -&gt; R:\WorkSpace\Jobs\Build-ExtremeMotion-CS_API_Documentation\trunk\Platform\Windows\Xtr3D.Net\API Documentation\Help\Working\Output\Website\CollapseAll.png
C:\Program Files (x86)\EWSoftware\Sandcastle Help File Builder\PresentationStyles\VS2010\..\LegacyWeb\Collapsed.gif -&gt; R:\WorkSpace\Jobs\Build-ExtremeMotion-CS_API_Documentation\trunk\Platform\Windows\Xtr3D.Net\API Documentation\Help\Working\Output\Website\Collapsed.gif
C:\Program Files (x86)\EWSoftware\Sandcastle Help File Builder\PresentationStyles\VS2010\..\LegacyWeb\Expanded.gif -&gt; R:\WorkSpace\Jobs\Build-ExtremeMotion-CS_API_Documentation\trunk\Platform\Windows\Xtr3D.Net\API Documentation\Help\Working\Output\Website\Expanded.gif
C:\Program Files (x86)\EWSoftware\Sandcastle Help File Builder\PresentationStyles\VS2010\..\LegacyWeb\favicon.ico -&gt; R:\WorkSpace\Jobs\Build-ExtremeMotion-CS_API_Documentation\trunk\Platform\Windows\Xtr3D.Net\API Documentation\Help\Working\Output\Website\favicon.ico
C:\Program Files (x86)\EWSoftware\Sandcastle Help File Builder\PresentationStyles\VS2010\..\LegacyWeb\FillNode.aspx -&gt; R:\WorkSpace\Jobs\Build-ExtremeMotion-CS_API_Documentation\trunk\Platform\Windows\Xtr3D.Net\API Documentation\Help\Working\Output\Website\FillNode.aspx
C:\Program Files (x86)\EWSoftware\Sandcastle Help File Builder\PresentationStyles\VS2010\..\LegacyWeb\FillNode.php -&gt; R:\WorkSpace\Jobs\Build-ExtremeMotion-CS_API_Documentation\trunk\Platform\Windows\Xtr3D.Net\API Documentation\Help\Working\Output\Website\FillNode.php
C:\Program Files (x86)\EWSoftware\Sandcastle Help File Builder\PresentationStyles\VS2010\..\LegacyWeb\Index.aspx -&gt; R:\WorkSpace\Jobs\Build-ExtremeMotion-CS_API_Documentation\trunk\Platform\Windows\Xtr3D.Net\API Documentation\Help\Working\Output\Website\Index.aspx
C:\Program Files (x86)\EWSoftware\Sandcastle Help File Builder\PresentationStyles\VS2010\..\LegacyWeb\Index.gif -&gt; R:\WorkSpace\Jobs\Build-ExtremeMotion-CS_API_Documentation\trunk\Platform\Windows\Xtr3D.Net\API Documentation\Help\Working\Output\Website\Index.gif
C:\Program Files (x86)\EWSoftware\Sandcastle Help File Builder\PresentationStyles\VS2010\..\LegacyWeb\index.html -&gt; R:\WorkSpace\Jobs\Build-ExtremeMotion-CS_API_Documentation\trunk\Platform\Windows\Xtr3D.Net\API Documentation\Help\Working\Output\Website\index.html
C:\Program Files (x86)\EWSoftware\Sandcastle Help File Builder\PresentationStyles\VS2010\..\LegacyWeb\index.php -&gt; R:\WorkSpace\Jobs\Build-ExtremeMotion-CS_API_Documentation\trunk\Platform\Windows\Xtr3D.Net\API Documentation\Help\Working\Output\Website\index.php
C:\Program Files (x86)\EWSoftware\Sandcastle Help File Builder\PresentationStyles\VS2010\..\LegacyWeb\Item.gif -&gt; R:\WorkSpace\Jobs\Build-ExtremeMotion-CS_API_Documentation\trunk\Platform\Windows\Xtr3D.Net\API Documentation\Help\Working\Output\Website\Item.gif
C:\Program Files (x86)\EWSoftware\Sandcastle Help File Builder\PresentationStyles\VS2010\..\LegacyWeb\LoadIndexKeywords.aspx -&gt; R:\WorkSpace\Jobs\Build-ExtremeMotion-CS_API_Documentation\trunk\Platform\Windows\Xtr3D.Net\API Documentation\Help\Working\Output\Website\LoadIndexKeywords.aspx
C:\Program Files (x86)\EWSoftware\Sandcastle Help File Builder\PresentationStyles\VS2010\..\LegacyWeb\LoadIndexKeywords.php -&gt; R:\WorkSpace\Jobs\Build-ExtremeMotion-CS_API_Documentation\trunk\Platform\Windows\Xtr3D.Net\API Documentation\Help\Working\Output\Website\LoadIndexKeywords.php
C:\Program Files (x86)\EWSoftware\Sandcastle Help File Builder\PresentationStyles\VS2010\..\LegacyWeb\Search.gif -&gt; R:\WorkSpace\Jobs\Build-ExtremeMotion-CS_API_Documentation\trunk\Platform\Windows\Xtr3D.Net\API Documentation\Help\Working\Output\Website\Search.gif
C:\Program Files (x86)\EWSoftware\Sandcastle Help File Builder\PresentationStyles\VS2010\..\LegacyWeb\SearchHelp.aspx -&gt; R:\WorkSpace\Jobs\Build-ExtremeMotion-CS_API_Documentation\trunk\Platform\Windows\Xtr3D.Net\API Documentation\Help\Working\Output\Website\SearchHelp.aspx
C:\Program Files (x86)\EWSoftware\Sandcastle Help File Builder\PresentationStyles\VS2010\..\LegacyWeb\SearchHelp.inc.php -&gt; R:\WorkSpace\Jobs\Build-ExtremeMotion-CS_API_Documentation\trunk\Platform\Windows\Xtr3D.Net\API Documentation\Help\Working\Output\Website\SearchHelp.inc.php
C:\Program Files (x86)\EWSoftware\Sandcastle Help File Builder\PresentationStyles\VS2010\..\LegacyWeb\SearchHelp.php -&gt; R:\WorkSpace\Jobs\Build-ExtremeMotion-CS_API_Documentation\trunk\Platform\Windows\Xtr3D.Net\API Documentation\Help\Working\Output\Website\SearchHelp.php
C:\Program Files (x86)\EWSoftware\Sandcastle Help File Builder\PresentationStyles\VS2010\..\LegacyWeb\Splitter.gif -&gt; R:\WorkSpace\Jobs\Build-ExtremeMotion-CS_API_Documentation\trunk\Platform\Windows\Xtr3D.Net\API Documentation\Help\Working\Output\Website\Splitter.gif
C:\Program Files (x86)\EWSoftware\Sandcastle Help File Builder\PresentationStyles\VS2010\..\LegacyWeb\SyncTOC.gif -&gt; R:\WorkSpace\Jobs\Build-ExtremeMotion-CS_API_Documentation\trunk\Platform\Windows\Xtr3D.Net\API Documentation\Help\Working\Output\Website\SyncTOC.gif
C:\Program Files (x86)\EWSoftware\Sandcastle Help File Builder\PresentationStyles\VS2010\..\LegacyWeb\TOC.css -&gt; R:\WorkSpace\Jobs\Build-ExtremeMotion-CS_API_Documentation\trunk\Platform\Windows\Xtr3D.Net\API Documentation\Help\Working\Output\Website\TOC.css
C:\Program Files (x86)\EWSoftware\Sandcastle Help File Builder\PresentationStyles\VS2010\..\LegacyWeb\TOC.js -&gt; R:\WorkSpace\Jobs\Build-ExtremeMotion-CS_API_Documentation\trunk\Platform\Windows\Xtr3D.Net\API Documentation\Help\Working\Output\Website\TOC.js
C:\Program Files (x86)\EWSoftware\Sandcastle Help File Builder\PresentationStyles\VS2010\..\LegacyWeb\Web.Config -&gt; R:\WorkSpace\Jobs\Build-ExtremeMotion-CS_API_Documentation\trunk\Platform\Windows\Xtr3D.Net\API Documentation\Help\Working\Output\Website\Web.Config
    Last step completed in 00:00:02.0610
</buildStep>
<buildStep step="GenerateHelpFormatTableOfContents">
Generating HTML Help 1 table of contents file...
    Last step completed in 00:00:00.0000
</buildStep>
<buildStep step="GenerateHelpFileIndex">
Generating HTML Help 1 index file...
    Last step completed in 00:00:00.0000
</buildStep>
<buildStep step="GenerateHelpProject">
Generating HTML Help 1 project file...
    Last step completed in 00:00:00.0100
</buildStep>
<buildStep step="CompilingHelpFile">
Compiling HTML Help 1 file...
[C:\Windows\Microsoft.NET\Framework\v4.0.30319\MSBuild.exe]
  Microsoft HTML Help Compiler 4.74.8702
  
  
  
  Compiling r:\WorkSpace\Jobs\Build-ExtremeMotion-CS_API_Documentation\trunk\Platform\Windows\Xtr3D.Net\API Documentation\Help\Working\Output\HtmlHelp1\ExtremeMotionSDK_API_Reference.chm
  
  
  
  
  
  Compile time: 0 minutes, 3 seconds
  
  396	Topics
  
  4,572	Local links
  
  1,847	Internet links
  
  0	Graphics
  
  
  
  
  
  Created r:\WorkSpace\Jobs\Build-ExtremeMotion-CS_API_Documentation\trunk\Platform\Windows\Xtr3D.Net\API Documentation\Help\Working\Output\HtmlHelp1\ExtremeMotionSDK_API_Reference.chm, 532,180 bytes
  
  Compression decreased file by 2,949,883 bytes.
  
    Last step completed in 00:00:04.7890
</buildStep>
<buildStep step="GenerateHelpFormatTableOfContents">
Generating website table of contents file...
    Last step completed in 00:00:00.0000
</buildStep>
<buildStep step="GenerateFullTextIndex">
Generating full-text index for the website...

    Last step completed in 00:00:00.9820
</buildStep>
<buildStep step="CopyingWebsiteFiles">
Copying website files to output folder...

Copied 100 files
Copied 200 files
Copied 300 files
Copied 400 files
Copied 500 files
Copied 509 files for the website content
    Last step completed in 00:00:00.3370
</buildStep>
<buildStep step="CleanIntermediates">
Removing intermediate files...
    Last step completed in 00:00:00.2300
</buildStep>
<buildStep step="Completed">

Build completed successfully at 02/17/2015 05:08 PM.  Total time: 00:00:44.0940

</buildStep>
</shfbBuild>
